python3 -m rasa_core.run -d models/dialogue -u models/nlu/current --endpoints endpoints.yml
2019-03-12 13:15:00 INFO     root  - Rasa process starting
2019-03-12 13:15:01 WARNING  py.warnings  - /home/t_metcalfe/.local/lib/python3.5/site-packages/sklearn/base.py:253: UserWarning: Trying to unpickle estimator CountVectorizer from version 0.20.2 when using version 0.20.3. This might lead to breaking code or invalid results. Use at your own risk.
  UserWarning)

INFO:tensorflow:Restoring parameters from models/nlu/current/intent_classifier_tensorflow_embedding.ckpt
2019-03-12 13:15:01 INFO     tensorflow  - Restoring parameters from models/nlu/current/intent_classifier_tensorflow_embedding.ckpt
2019-03-12 13:15:10 INFO     root  - Rasa Core server is up and running on http://localhost:5005
[6n[92mBot loaded. Type a message and press enter (use '/stop' to exit): [0m
[?2004h[?25l[0m[?7l[0m[J[0;38;5;134mYour input ->[0;38;5;134;1m  [0;38;5;134m                                                                [79C [15C[?7h[0m[?12l[?25h[15D[J[0m[?7h[?2004lWARNING: your terminal doesn't support cursor position requests (CPR).
[?2004h[?25l[0m[?7l[0m[J[0;38;5;134mYour input ->[0;38;5;134;1m  [0;38;5;134m                                                                [79C [15C[?7h[0m[?12l[?25h[?25l[?7l[15D[0m[J[0;38;5;102mYour input ->[0;38;5;102;1m  [0;38;5;102m                                                                [79C [0m
[J[?7h[0m[?12l[?25h[?2004lWarning: Output is not to a terminal (fd=1).
KeyboardInterrupt
2019-03-12T13:15:15Z
Traceback (most recent call last):
  File "/usr/lib/python3.5/runpy.py", line 193, in _run_module_as_main
    "__main__", mod_spec)
  File "/usr/lib/python3.5/runpy.py", line 85, in _run_code
    exec(code, run_globals)
  File "/home/t_metcalfe/.local/lib/python3.5/site-packages/rasa_core/run.py", line 260, in <module>
    cmdline_args.jwt_method)
  File "/home/t_metcalfe/.local/lib/python3.5/site-packages/rasa_core/run.py", line 201, in serve_application
    http_server.serve_forever()
  File "/home/t_metcalfe/.local/lib/python3.5/site-packages/gevent/baseserver.py", line 369, in serve_forever
    self._stop_event.wait()
  File "src/gevent/event.py", line 127, in gevent._event.Event.wait
  File "src/gevent/_abstract_linkable.py", line 192, in gevent.__abstract_linkable.AbstractLinkable._wait
  File "src/gevent/_abstract_linkable.py", line 165, in gevent.__abstract_linkable.AbstractLinkable._wait_core
  File "src/gevent/_abstract_linkable.py", line 169, in gevent.__abstract_linkable.AbstractLinkable._wait_core
  File "src/gevent/_greenlet_primitives.py", line 60, in gevent.__greenlet_primitives.SwitchOutGreenletWithLoop.switch
  File "src/gevent/_greenlet_primitives.py", line 60, in gevent.__greenlet_primitives.SwitchOutGreenletWithLoop.switch
  File "src/gevent/_greenlet_primitives.py", line 64, in gevent.__greenlet_primitives.SwitchOutGreenletWithLoop.switch
  File "src/gevent/__greenlet_primitives.pxd", line 35, in gevent.__greenlet_primitives._greenlet_switch
KeyboardInterrupt

Cancelled by user

Makefile:34: recipe for target 'run-cmdline' failed
make: *** [run-cmdline] Interrupt
