python3 -m rasa_nlu.train -c innatis-config.yml --fixed_model_name innatis-full --data train.md -o models --project nlu --verbose
2019-04-18 15:25:33 INFO     tensorflow  - Using /tmp/tfhub_modules to cache modules.
2019-04-18 15:25:37 INFO     tensorflow  - Saver not created because there are no variables in the graph to restore
2019-04-18 15:25:38 INFO     rasa_nlu.training_data.loading  - Training data format of train.md is md
2019-04-18 15:25:38 INFO     rasa_nlu.training_data.training_data  - Training data stats: 
	- intent examples: 3823 (57 distinct intents)
	- Found intents: 'ask_whatismyname', 'ask_howdoing', 'ask_languagesbot', 'ask_faq_languages', 'ask_weather', 'ask_which_events', 'ask_isbot', 'ask_restaurant', 'contact_sales', 'ask_faq_platform', 'nicetomeeyou', 'install_rasa', 'nlu_info', 'ask_faq_what_is_forum', 'rasa_cost', 'ask_faq_community_size', 'thank', 'signup_newsletter', 'out_of_scope', 'technical_question', 'ask_whoisit', 'ask_whoami', 'ask_why_contribute', 'switch', 'ask_faq_tutorials', 'nlu_generation_tool_recommendation', 'ask_whatspossible', 'ask_faq_opensource', 'how_to_get_started', 'ask_whatisrasa', 'ask_how_contribute', 'ask_howbuilt', 'ask_when_next_event', 'ask_wherefrom', 'next_step', 'deny', 'human_handoff', 'ask_faq_python_version', 'ask_builder', 'bye', 'canthelp', 'affirm', 'handleinsult', 'ask_howold', 'ask_faq_slots', 'ask_faq_voice', 'react_positive', 'source_code', 'ask_faq_channels', 'pipeline_recommendation', 'enter_data', 'greet', 'react_negative', 'ask_time', 'ask_faq_differencecorenlu', 'ask_question_in_forum', 'telljoke'
	- entity examples: 843 (19 distinct entities)
	- found entities: '', 'company', 'GPE', 'CARDINAL', 'entity', 'package_manager', 'PERSON', 'number', 'user_type', 'current_api', 'email', 'amount-of-money', 'name', 'nlu_part', 'language', 'product', 'location', 'jobfunction', 'ORG'

/home/t_metcalfe/.local/lib/python3.5/site-packages/rasa_nlu/training_data/training_data.py:199: UserWarning: Entity '' has only 1 training examples! minimum is 2, training may fail.
  self.MIN_EXAMPLES_PER_ENTITY))
/home/t_metcalfe/.local/lib/python3.5/site-packages/rasa_nlu/training_data/training_data.py:199: UserWarning: Entity 'GPE' has only 1 training examples! minimum is 2, training may fail.
  self.MIN_EXAMPLES_PER_ENTITY))
2019-04-18 15:25:38 INFO     rasa_nlu.model  - Starting to train component tokenizer_whitespace
2019-04-18 15:25:38 INFO     rasa_nlu.model  - Finished training component.
2019-04-18 15:25:38 INFO     rasa_nlu.model  - Starting to train component ner_crf
2019-04-18 15:25:39 WARNING  rasa_nlu.extractors.crf_entity_extractor  - Misaligned entity annotation in sentence 'Jim HalpertJim Halpert'. Make sure the start and end values of the annotated training examples end at token boundaries (e.g. don't include trailing whitespaces or punctuation).
2019-04-18 15:25:39 WARNING  rasa_nlu.extractors.crf_entity_extractor  - Misaligned entity annotation in sentence 'BCBSMBCBSM'. Make sure the start and end values of the annotated training examples end at token boundaries (e.g. don't include trailing whitespaces or punctuation).
2019-04-18 15:25:39 WARNING  rasa_nlu.extractors.crf_entity_extractor  - Misaligned entity annotation in sentence 'Chief ShitmuncherShitmuncher'. Make sure the start and end values of the annotated training examples end at token boundaries (e.g. don't include trailing whitespaces or punctuation).
2019-04-18 15:25:39 WARNING  rasa_nlu.extractors.crf_entity_extractor  - Misaligned entity annotation in sentence 'PhilippPhilipp'. Make sure the start and end values of the annotated training examples end at token boundaries (e.g. don't include trailing whitespaces or punctuation).
2019-04-18 15:25:39 WARNING  rasa_nlu.extractors.crf_entity_extractor  - Misaligned entity annotation in sentence 'N2626'. Make sure the start and end values of the annotated training examples end at token boundaries (e.g. don't include trailing whitespaces or punctuation).
2019-04-18 15:25:39 WARNING  rasa_nlu.extractors.crf_entity_extractor  - Misaligned entity annotation in sentence 'HelvetiaHelvetia'. Make sure the start and end values of the annotated training examples end at token boundaries (e.g. don't include trailing whitespaces or punctuation).
2019-04-18 15:25:39 WARNING  rasa_nlu.extractors.crf_entity_extractor  - Misaligned entity annotation in sentence 'ulrike@rasa.comulrike@rasa.com'. Make sure the start and end values of the annotated training examples end at token boundaries (e.g. don't include trailing whitespaces or punctuation).
2019-04-18 15:25:39 WARNING  rasa_nlu.extractors.crf_entity_extractor  - Misaligned entity annotation in sentence 'i'm donezo'. Make sure the start and end values of the annotated training examples end at token boundaries (e.g. don't include trailing whitespaces or punctuation).
2019-04-18 15:25:39 WARNING  rasa_nlu.extractors.crf_entity_extractor  - Misaligned entity annotation in sentence 'we don't have oneone'. Make sure the start and end values of the annotated training examples end at token boundaries (e.g. don't include trailing whitespaces or punctuation).
2019-04-18 15:25:39 WARNING  rasa_nlu.extractors.crf_entity_extractor  - Misaligned entity annotation in sentence 'don't have oneone'. Make sure the start and end values of the annotated training examples end at token boundaries (e.g. don't include trailing whitespaces or punctuation).
2019-04-18 15:25:39 WARNING  rasa_nlu.extractors.crf_entity_extractor  - Misaligned entity annotation in sentence 'Philipp WolfPhilipp Wolf ist der coolste AG'. Make sure the start and end values of the annotated training examples end at token boundaries (e.g. don't include trailing whitespaces or punctuation).
2019-04-18 15:25:39 WARNING  rasa_nlu.extractors.crf_entity_extractor  - Misaligned entity annotation in sentence 'philipp@thephilippcompany.comphilipp@thephilippcompany.com'. Make sure the start and end values of the annotated training examples end at token boundaries (e.g. don't include trailing whitespaces or punctuation).
2019-04-18 15:25:39 WARNING  rasa_nlu.extractors.crf_entity_extractor  - Misaligned entity annotation in sentence 'I'm a full stack developer'. Make sure the start and end values of the annotated training examples end at token boundaries (e.g. don't include trailing whitespaces or punctuation).
2019-04-18 15:25:39 WARNING  rasa_nlu.extractors.crf_entity_extractor  - Misaligned entity annotation in sentence 'I am a freelancer '. Make sure the start and end values of the annotated training examples end at token boundaries (e.g. don't include trailing whitespaces or punctuation).
2019-04-18 15:25:39 WARNING  rasa_nlu.extractors.crf_entity_extractor  - Misaligned entity annotation in sentence 'It is juste@rasa.comjuste@rasa.com'. Make sure the start and end values of the annotated training examples end at token boundaries (e.g. don't include trailing whitespaces or punctuation).
2019-04-18 15:25:39 WARNING  rasa_nlu.extractors.crf_entity_extractor  - Misaligned entity annotation in sentence 'John SmithJohn Smith'. Make sure the start and end values of the annotated training examples end at token boundaries (e.g. don't include trailing whitespaces or punctuation).
2019-04-18 15:25:39 WARNING  rasa_nlu.extractors.crf_entity_extractor  - Misaligned entity annotation in sentence 'philipp@rasa.comphilipp@rasa.com'. Make sure the start and end values of the annotated training examples end at token boundaries (e.g. don't include trailing whitespaces or punctuation).
2019-04-18 15:25:39 WARNING  rasa_nlu.extractors.crf_entity_extractor  - Misaligned entity annotation in sentence 'I'm in business '. Make sure the start and end values of the annotated training examples end at token boundaries (e.g. don't include trailing whitespaces or punctuation).
2019-04-18 15:25:39 WARNING  rasa_nlu.extractors.crf_entity_extractor  - Misaligned entity annotation in sentence 'ey b0ss'. Make sure the start and end values of the annotated training examples end at token boundaries (e.g. don't include trailing whitespaces or punctuation).
2019-04-18 15:25:39 WARNING  rasa_nlu.extractors.crf_entity_extractor  - Misaligned entity annotation in sentence 'i am a new '. Make sure the start and end values of the annotated training examples end at token boundaries (e.g. don't include trailing whitespaces or punctuation).
2019-04-18 15:25:39 WARNING  rasa_nlu.extractors.crf_entity_extractor  - Misaligned entity annotation in sentence 'Do you know Linda Schuster?'. Make sure the start and end values of the annotated training examples end at token boundaries (e.g. don't include trailing whitespaces or punctuation).
2019-04-18 15:25:39 WARNING  rasa_nlu.extractors.crf_entity_extractor  - Misaligned entity annotation in sentence 'ok oneone philipp then'. Make sure the start and end values of the annotated training examples end at token boundaries (e.g. don't include trailing whitespaces or punctuation).
2019-04-18 15:25:39 WARNING  rasa_nlu.extractors.crf_entity_extractor  - Misaligned entity annotation in sentence 'i'd like to buy oneone akela please'. Make sure the start and end values of the annotated training examples end at token boundaries (e.g. don't include trailing whitespaces or punctuation).
2019-04-18 15:25:39 WARNING  rasa_nlu.extractors.crf_entity_extractor  - Misaligned entity annotation in sentence 'sign me up for the newsletter - my email is alex@rasa.aialex@rasa.ai'. Make sure the start and end values of the annotated training examples end at token boundaries (e.g. don't include trailing whitespaces or punctuation).
2019-04-18 15:25:48 INFO     rasa_nlu.model  - Finished training component.
2019-04-18 15:25:48 INFO     rasa_nlu.model  - Starting to train component ner_synonyms
2019-04-18 15:25:48 INFO     rasa_nlu.model  - Finished training component.
2019-04-18 15:25:48 INFO     rasa_nlu.model  - Starting to train component intent_classifier_bert
2019-04-18 15:25:49 INFO     tensorflow  - ***** Running training *****
2019-04-18 15:25:49 INFO     tensorflow  - Num examples = 3823
2019-04-18 15:25:49 INFO     tensorflow  - Batch size = 64
2019-04-18 15:25:49 INFO     tensorflow  - Num steps = 2986
2019-04-18 15:25:49 INFO     tensorflow  - Num epochs = 50
2019-04-18 15:25:49 INFO     tensorflow  - Using config: {'_keep_checkpoint_every_n_hours': 10000, '_service': None, '_eval_distribute': None, '_train_distribute': None, '_session_config': allow_soft_placement: true
graph_options {
  rewrite_options {
    meta_optimizer_iterations: ONE
  }
}
, '_tf_random_seed': None, '_save_checkpoints_steps': 1000, '_model_dir': './tmp/bert', '_device_fn': None, '_log_step_count_steps': 100, '_keep_checkpoint_max': 5, '_is_chief': True, '_save_summary_steps': 500, '_evaluation_master': '', '_master': '', '_save_checkpoints_secs': None, '_experimental_distribute': None, '_task_type': 'worker', '_global_id_in_cluster': 0, '_num_worker_replicas': 1, '_protocol': None, '_task_id': 0, '_num_ps_replicas': 0, '_cluster_spec': <tensorflow.python.training.server_lib.ClusterSpec object at 0x7fef442d7da0>}
2019-04-18 15:25:51 INFO     tensorflow  - Calling model_fn.
2019-04-18 15:25:55 INFO     tensorflow  - Saver not created because there are no variables in the graph to restore
/home/t_metcalfe/.local/lib/python3.5/site-packages/tensorflow/python/ops/gradients_impl.py:112: UserWarning: Converting sparse IndexedSlices to a dense Tensor of unknown shape. This may consume a large amount of memory.
  "Converting sparse IndexedSlices to a dense Tensor of unknown shape. "
2019-04-18 15:26:05 INFO     tensorflow  - Done calling model_fn.
2019-04-18 15:26:05 INFO     tensorflow  - Create CheckpointSaverHook.
2019-04-18 15:26:10 INFO     tensorflow  - Graph was finalized.
2019-04-18 15:26:20 INFO     tensorflow  - Running local_init_op.
2019-04-18 15:26:20 INFO     tensorflow  - Done running local_init_op.
2019-04-18 15:26:31 INFO     tensorflow  - Saving checkpoints for 0 into ./tmp/bert/model.ckpt.
2019-04-18 15:28:08 INFO     tensorflow  - loss = 3.8868587, step = 1
2019-04-18 15:28:08 INFO     tensorflow  - accuracy = 0.0, loss = 3.8868587
2019-04-18 15:29:38 INFO     tensorflow  - accuracy = 0.0, loss = 3.9078426 (90.221 sec)
2019-04-18 15:31:03 INFO     tensorflow  - accuracy = 0.0, loss = 3.931841 (84.894 sec)
2019-04-18 15:32:27 INFO     tensorflow  - accuracy = 0.015625, loss = 3.8494387 (84.189 sec)
2019-04-18 15:33:52 INFO     tensorflow  - accuracy = 0.01875, loss = 3.9616456 (85.074 sec)
2019-04-18 15:35:17 INFO     tensorflow  - accuracy = 0.020833334, loss = 4.1149645 (84.563 sec)
2019-04-18 15:36:43 INFO     tensorflow  - accuracy = 0.017857144, loss = 4.0910788 (85.863 sec)
2019-04-18 15:38:08 INFO     tensorflow  - accuracy = 0.015625, loss = 4.031372 (85.636 sec)
2019-04-18 15:39:34 INFO     tensorflow  - accuracy = 0.013888889, loss = 3.954303 (85.424 sec)
2019-04-18 15:40:59 INFO     tensorflow  - accuracy = 0.0125, loss = 4.059909 (85.253 sec)
2019-04-18 15:42:25 INFO     tensorflow  - accuracy = 0.011363637, loss = 4.127863 (85.584 sec)
2019-04-18 15:43:50 INFO     tensorflow  - accuracy = 0.010416667, loss = 4.1637793 (85.366 sec)
2019-04-18 15:45:14 INFO     tensorflow  - accuracy = 0.009615385, loss = 4.071614 (84.199 sec)
2019-04-18 15:46:40 INFO     tensorflow  - accuracy = 0.008928572, loss = 4.1882143 (85.281 sec)
2019-04-18 15:48:05 INFO     tensorflow  - accuracy = 0.008333334, loss = 4.03883 (85.047 sec)
2019-04-18 15:49:30 INFO     tensorflow  - accuracy = 0.0078125, loss = 4.0219936 (85.433 sec)
2019-04-18 15:50:55 INFO     tensorflow  - accuracy = 0.007352941, loss = 3.969758 (84.955 sec)
2019-04-18 15:52:20 INFO     tensorflow  - accuracy = 0.0069444445, loss = 4.266839 (85.159 sec)
2019-04-18 15:53:46 INFO     tensorflow  - accuracy = 0.0065789474, loss = 4.1088934 (85.407 sec)
2019-04-18 15:55:11 INFO     tensorflow  - accuracy = 0.00625, loss = 4.1910157 (85.439 sec)
2019-04-18 15:56:36 INFO     tensorflow  - accuracy = 0.005952381, loss = 4.199586 (85.283 sec)
2019-04-18 15:58:02 INFO     tensorflow  - accuracy = 0.0056818184, loss = 4.132921 (85.262 sec)
2019-04-18 15:59:27 INFO     tensorflow  - accuracy = 0.008152174, loss = 3.9996798 (85.311 sec)
2019-04-18 16:00:52 INFO     tensorflow  - accuracy = 0.010416667, loss = 3.9520707 (85.420 sec)
2019-04-18 16:02:18 INFO     tensorflow  - accuracy = 0.010625, loss = 4.011525 (85.552 sec)
2019-04-18 16:03:43 INFO     tensorflow  - accuracy = 0.010216346, loss = 4.138262 (84.738 sec)
2019-04-18 16:05:06 INFO     tensorflow  - accuracy = 0.009837963, loss = 4.223117 (83.831 sec)
2019-04-18 16:06:30 INFO     tensorflow  - accuracy = 0.009486607, loss = 4.2570124 (83.912 sec)
2019-04-18 16:07:55 INFO     tensorflow  - accuracy = 0.009159483, loss = 4.2678213 (84.622 sec)
2019-04-18 16:09:19 INFO     tensorflow  - accuracy = 0.008854167, loss = 4.299194 (84.480 sec)
2019-04-18 16:10:42 INFO     tensorflow  - accuracy = 0.008568549, loss = 4.2498574 (82.701 sec)
2019-04-18 16:12:07 INFO     tensorflow  - accuracy = 0.008300781, loss = 4.28051 (84.751 sec)
2019-04-18 16:13:31 INFO     tensorflow  - accuracy = 0.008049242, loss = 4.269375 (84.117 sec)
2019-04-18 16:14:55 INFO     tensorflow  - accuracy = 0.0078125, loss = 4.272667 (84.444 sec)
2019-04-18 16:16:20 INFO     tensorflow  - accuracy = 0.0075892857, loss = 4.2700286 (84.312 sec)
2019-04-18 16:17:44 INFO     tensorflow  - accuracy = 0.007378472, loss = 4.266915 (84.754 sec)
2019-04-18 16:19:08 INFO     tensorflow  - accuracy = 0.007179054, loss = 4.263922 (83.149 sec)
2019-04-18 16:20:31 INFO     tensorflow  - accuracy = 0.0082236845, loss = 4.0609407 (83.225 sec)
2019-04-18 16:21:56 INFO     tensorflow  - accuracy = 0.010016026, loss = 3.9226606 (84.869 sec)
2019-04-18 16:23:19 INFO     tensorflow  - accuracy = 0.009765625, loss = 3.9045029 (82.871 sec)
2019-04-18 16:24:42 INFO     tensorflow  - accuracy = 0.010289635, loss = 3.9655485 (83.152 sec)
2019-04-18 16:26:04 INFO     tensorflow  - accuracy = 0.010416667, loss = 4.164995 (82.529 sec)
2019-04-18 16:27:28 INFO     tensorflow  - accuracy = 0.010901162, loss = 4.173291 (83.254 sec)
2019-04-18 16:28:51 INFO     tensorflow  - accuracy = 0.011363637, loss = 4.1735377 (83.321 sec)
2019-04-18 16:30:15 INFO     tensorflow  - accuracy = 0.011111111, loss = 4.1677322 (83.867 sec)
2019-04-18 16:31:38 INFO     tensorflow  - accuracy = 0.010869565, loss = 4.154724 (83.269 sec)
2019-04-18 16:33:02 INFO     tensorflow  - accuracy = 0.010970744, loss = 4.0528965 (84.151 sec)
2019-04-18 16:34:25 INFO     tensorflow  - accuracy = 0.0113932295, loss = 3.929006 (83.058 sec)
2019-04-18 16:35:49 INFO     tensorflow  - accuracy = 0.011479592, loss = 3.9264724 (83.506 sec)
2019-04-18 16:37:12 INFO     tensorflow  - accuracy = 0.0115625, loss = 3.9158149 (83.572 sec)
2019-04-18 16:38:37 INFO     tensorflow  - accuracy = 0.011335785, loss = 3.9282942 (84.578 sec)
2019-04-18 16:40:00 INFO     tensorflow  - accuracy = 0.01171875, loss = 3.917874 (82.973 sec)
2019-04-18 16:41:23 INFO     tensorflow  - accuracy = 0.011497642, loss = 4.0160074 (83.323 sec)
2019-04-18 16:42:47 INFO     tensorflow  - accuracy = 0.011284722, loss = 4.0646133 (83.697 sec)
2019-04-18 16:44:10 INFO     tensorflow  - accuracy = 0.011079545, loss = 4.045042 (83.473 sec)
2019-04-18 16:45:33 INFO     tensorflow  - accuracy = 0.010881697, loss = 4.001741 (83.098 sec)
2019-04-18 16:46:56 INFO     tensorflow  - accuracy = 0.01069079, loss = 4.185669 (82.965 sec)
2019-04-18 16:48:20 INFO     tensorflow  - accuracy = 0.010506465, loss = 4.2117567 (83.926 sec)
2019-04-18 16:49:44 INFO     tensorflow  - accuracy = 0.01032839, loss = 4.1753416 (83.310 sec)
2019-04-18 16:51:08 INFO     tensorflow  - accuracy = 0.01015625, loss = 4.040126 (83.967 sec)
2019-04-18 16:52:30 INFO     tensorflow  - accuracy = 0.009989754, loss = 3.9707859 (82.735 sec)
2019-04-18 16:53:54 INFO     tensorflow  - accuracy = 0.009828629, loss = 3.9245527 (83.579 sec)
2019-04-18 16:55:16 INFO     tensorflow  - accuracy = 0.009920635, loss = 3.9215145 (82.212 sec)
2019-04-18 16:56:39 INFO     tensorflow  - accuracy = 0.010009766, loss = 3.9977944 (82.545 sec)
2019-04-18 16:58:02 INFO     tensorflow  - accuracy = 0.00985577, loss = 3.9273155 (83.075 sec)
2019-04-18 16:59:24 INFO     tensorflow  - accuracy = 0.009706439, loss = 4.0762367 (82.300 sec)
2019-04-18 17:00:47 INFO     tensorflow  - accuracy = 0.009561568, loss = 4.0537577 (83.017 sec)
2019-04-18 17:02:10 INFO     tensorflow  - accuracy = 0.009420956, loss = 4.018133 (83.302 sec)
2019-04-18 17:03:34 INFO     tensorflow  - accuracy = 0.00928442, loss = 4.0446334 (83.852 sec)
2019-04-18 17:04:57 INFO     tensorflow  - accuracy = 0.009151786, loss = 4.0987215 (83.110 sec)
2019-04-18 17:06:21 INFO     tensorflow  - accuracy = 0.009022887, loss = 4.1581974 (83.299 sec)
2019-04-18 17:07:44 INFO     tensorflow  - accuracy = 0.008897569, loss = 4.2289667 (83.692 sec)
2019-04-18 17:09:08 INFO     tensorflow  - accuracy = 0.008775685, loss = 4.19119 (83.695 sec)
2019-04-18 17:10:31 INFO     tensorflow  - accuracy = 0.008657095, loss = 4.128182 (82.566 sec)
2019-04-18 17:11:53 INFO     tensorflow  - accuracy = 0.008541667, loss = 4.042678 (82.659 sec)
2019-04-18 17:13:17 INFO     tensorflow  - accuracy = 0.008429277, loss = 4.0035143 (83.928 sec)
2019-04-18 17:14:40 INFO     tensorflow  - accuracy = 0.0085227275, loss = 4.0484133 (82.895 sec)
2019-04-18 17:16:03 INFO     tensorflow  - accuracy = 0.008413462, loss = 4.1633325 (83.277 sec)
2019-04-18 17:17:25 INFO     tensorflow  - accuracy = 0.008306962, loss = 4.1349964 (81.704 sec)
2019-04-18 17:18:49 INFO     tensorflow  - accuracy = 0.008203125, loss = 4.1184015 (83.789 sec)
2019-04-18 17:20:12 INFO     tensorflow  - accuracy = 0.008101852, loss = 4.126382 (82.870 sec)
2019-04-18 17:21:35 INFO     tensorflow  - accuracy = 0.008003049, loss = 4.0669837 (83.143 sec)
2019-04-18 17:22:58 INFO     tensorflow  - accuracy = 0.008283133, loss = 3.9451704 (83.198 sec)
2019-04-18 17:24:22 INFO     tensorflow  - accuracy = 0.008370535, loss = 3.990798 (84.042 sec)
2019-04-18 17:25:45 INFO     tensorflow  - accuracy = 0.008455883, loss = 4.0369644 (82.638 sec)
2019-04-18 17:27:08 INFO     tensorflow  - accuracy = 0.008357558, loss = 4.1302056 (83.480 sec)
2019-04-18 17:28:31 INFO     tensorflow  - accuracy = 0.008261494, loss = 4.1924667 (82.535 sec)
2019-04-18 17:29:54 INFO     tensorflow  - accuracy = 0.008167613, loss = 4.21801 (83.221 sec)
2019-04-18 17:31:16 INFO     tensorflow  - accuracy = 0.008426966, loss = 4.195019 (82.027 sec)
2019-04-18 17:32:38 INFO     tensorflow  - accuracy = 0.008333334, loss = 4.2052975 (82.063 sec)
2019-04-18 17:34:01 INFO     tensorflow  - accuracy = 0.008241759, loss = 4.2043467 (83.365 sec)
2019-04-18 17:35:24 INFO     tensorflow  - accuracy = 0.008152174, loss = 4.24339 (82.558 sec)
2019-04-18 17:36:47 INFO     tensorflow  - accuracy = 0.008064516, loss = 4.2193804 (82.955 sec)
2019-04-18 17:38:09 INFO     tensorflow  - accuracy = 0.007978723, loss = 4.2066693 (82.293 sec)
2019-04-18 17:39:32 INFO     tensorflow  - accuracy = 0.007894737, loss = 4.173791 (83.270 sec)
2019-04-18 17:40:55 INFO     tensorflow  - accuracy = 0.0078125, loss = 4.19371 (82.619 sec)
2019-04-18 17:42:18 INFO     tensorflow  - accuracy = 0.0077319588, loss = 4.1949944 (82.995 sec)
2019-04-18 17:43:41 INFO     tensorflow  - accuracy = 0.0086096935, loss = 3.9498303 (82.615 sec)
2019-04-18 17:45:04 INFO     tensorflow  - accuracy = 0.010258839, loss = 3.8321857 (83.166 sec)
2019-04-18 17:46:27 INFO     tensorflow  - accuracy = 0.010625, loss = 3.8440785 (82.759 sec)
2019-04-18 17:47:50 INFO     tensorflow  - global_step/sec: 0.0119309
2019-04-18 17:47:50 INFO     tensorflow  - loss = 3.9901242, step = 101 (8381.566 sec)
2019-04-18 17:47:50 INFO     tensorflow  - accuracy = 0.010674505, loss = 3.9901242 (82.941 sec)
2019-04-18 17:49:12 INFO     tensorflow  - accuracy = 0.011029412, loss = 4.029537 (82.675 sec)
2019-04-18 17:50:35 INFO     tensorflow  - accuracy = 0.01092233, loss = 4.052456 (82.740 sec)
2019-04-18 17:51:58 INFO     tensorflow  - accuracy = 0.010817308, loss = 4.0481052 (82.548 sec)
2019-04-18 17:53:19 INFO     tensorflow  - accuracy = 0.010714286, loss = 4.074529 (81.810 sec)
2019-04-18 17:54:42 INFO     tensorflow  - accuracy = 0.010613208, loss = 4.091441 (82.651 sec)
2019-04-18 17:56:04 INFO     tensorflow  - accuracy = 0.010952103, loss = 3.9946024 (81.625 sec)
2019-04-18 17:57:26 INFO     tensorflow  - accuracy = 0.01099537, loss = 3.878065 (82.870 sec)
2019-04-18 17:58:48 INFO     tensorflow  - accuracy = 0.011611238, loss = 3.8824325 (81.236 sec)
2019-04-18 18:00:10 INFO     tensorflow  - accuracy = 0.011789773, loss = 3.872765 (81.991 sec)
2019-04-18 18:01:31 INFO     tensorflow  - accuracy = 0.011683558, loss = 3.8962607 (81.204 sec)
2019-04-18 18:02:53 INFO     tensorflow  - accuracy = 0.01171875, loss = 3.8906808 (81.920 sec)
2019-04-18 18:04:15 INFO     tensorflow  - accuracy = 0.011615044, loss = 3.9800756 (82.366 sec)
2019-04-18 18:05:37 INFO     tensorflow  - accuracy = 0.011513158, loss = 4.0127983 (82.038 sec)
2019-04-18 18:07:01 INFO     tensorflow  - accuracy = 0.011413043, loss = 4.0071487 (83.542 sec)
2019-04-18 18:08:23 INFO     tensorflow  - accuracy = 0.011314655, loss = 4.0621715 (82.137 sec)
2019-04-18 18:09:46 INFO     tensorflow  - accuracy = 0.011217949, loss = 4.249829 (83.022 sec)
2019-04-18 18:11:08 INFO     tensorflow  - accuracy = 0.011122881, loss = 4.21428 (81.914 sec)
2019-04-18 18:12:31 INFO     tensorflow  - accuracy = 0.011029412, loss = 4.0870724 (83.202 sec)
2019-04-18 18:13:53 INFO     tensorflow  - accuracy = 0.0109375, loss = 3.935038 (82.380 sec)
2019-04-18 18:15:17 INFO     tensorflow  - accuracy = 0.0108471075, loss = 3.9323068 (83.318 sec)
2019-04-18 18:16:39 INFO     tensorflow  - accuracy = 0.010758197, loss = 3.8987527 (81.955 sec)
2019-04-18 18:18:01 INFO     tensorflow  - accuracy = 0.010670732, loss = 3.9535165 (82.328 sec)
2019-04-18 18:19:22 INFO     tensorflow  - accuracy = 0.010584678, loss = 3.926109 (81.038 sec)
2019-04-18 18:20:44 INFO     tensorflow  - accuracy = 0.0105, loss = 3.943308 (81.714 sec)
2019-04-18 18:22:07 INFO     tensorflow  - accuracy = 0.010540674, loss = 4.002743 (82.989 sec)
2019-04-18 18:23:29 INFO     tensorflow  - accuracy = 0.010457677, loss = 4.0136747 (81.806 sec)
2019-04-18 18:24:52 INFO     tensorflow  - accuracy = 0.010375977, loss = 4.0063605 (83.436 sec)
2019-04-18 18:26:14 INFO     tensorflow  - accuracy = 0.010295543, loss = 4.0574074 (82.053 sec)
2019-04-18 18:27:37 INFO     tensorflow  - accuracy = 0.010216346, loss = 4.1207876 (83.161 sec)
2019-04-18 18:28:59 INFO     tensorflow  - accuracy = 0.010138359, loss = 4.153794 (82.006 sec)
2019-04-18 18:30:23 INFO     tensorflow  - accuracy = 0.010061553, loss = 4.143207 (83.867 sec)
2019-04-18 18:31:45 INFO     tensorflow  - accuracy = 0.010103383, loss = 4.187236 (81.607 sec)
2019-04-18 18:33:08 INFO     tensorflow  - accuracy = 0.010027985, loss = 4.020788 (82.978 sec)
2019-04-18 18:34:30 INFO     tensorflow  - accuracy = 0.009953704, loss = 4.086754 (82.147 sec)
2019-04-18 18:35:52 INFO     tensorflow  - accuracy = 0.009880515, loss = 3.9280245 (82.543 sec)
2019-04-18 18:37:15 INFO     tensorflow  - accuracy = 0.009808394, loss = 4.077444 (82.557 sec)
2019-04-18 18:38:37 INFO     tensorflow  - accuracy = 0.009737318, loss = 4.0832133 (82.026 sec)
2019-04-18 18:40:00 INFO     tensorflow  - accuracy = 0.009667266, loss = 4.066823 (82.689 sec)
2019-04-18 18:41:22 INFO     tensorflow  - accuracy = 0.009598214, loss = 4.113611 (82.276 sec)
2019-04-18 18:42:45 INFO     tensorflow  - accuracy = 0.009530142, loss = 4.089518 (83.271 sec)
2019-04-18 18:44:07 INFO     tensorflow  - accuracy = 0.009463028, loss = 4.00754 (81.811 sec)
2019-04-18 18:45:30 INFO     tensorflow  - accuracy = 0.009396853, loss = 3.988751 (82.794 sec)
2019-04-18 18:46:51 INFO     tensorflow  - accuracy = 0.009331597, loss = 3.9553351 (81.648 sec)
2019-04-18 18:48:14 INFO     tensorflow  - accuracy = 0.009267242, loss = 4.00734 (82.385 sec)
2019-04-18 18:49:36 INFO     tensorflow  - accuracy = 0.009203767, loss = 4.1164684 (81.752 sec)
2019-04-18 18:50:58 INFO     tensorflow  - accuracy = 0.009141156, loss = 4.1424217 (82.603 sec)
2019-04-18 18:52:21 INFO     tensorflow  - accuracy = 0.009079392, loss = 4.1169243 (82.553 sec)
2019-04-18 18:53:43 INFO     tensorflow  - accuracy = 0.009018457, loss = 4.116275 (82.593 sec)
2019-04-18 18:55:06 INFO     tensorflow  - accuracy = 0.008958333, loss = 4.1274095 (82.699 sec)
2019-04-18 18:56:28 INFO     tensorflow  - accuracy = 0.008899007, loss = 4.1134324 (81.604 sec)
2019-04-18 18:57:51 INFO     tensorflow  - accuracy = 0.00884046, loss = 4.091109 (82.979 sec)
2019-04-18 18:59:14 INFO     tensorflow  - accuracy = 0.00878268, loss = 4.1141806 (82.991 sec)
2019-04-18 19:00:38 INFO     tensorflow  - accuracy = 0.00872565, loss = 4.1011515 (84.042 sec)
2019-04-18 19:02:00 INFO     tensorflow  - accuracy = 0.008669355, loss = 4.0827436 (81.918 sec)
2019-04-18 19:03:23 INFO     tensorflow  - accuracy = 0.008613782, loss = 4.0442433 (83.676 sec)
2019-04-18 19:04:46 INFO     tensorflow  - accuracy = 0.008757962, loss = 4.0169153 (82.282 sec)
2019-04-18 19:06:09 INFO     tensorflow  - accuracy = 0.009988133, loss = 3.8159666 (83.642 sec)
2019-04-18 19:07:32 INFO     tensorflow  - accuracy = 0.010711478, loss = 3.8097985 (83.139 sec)
2019-04-18 19:08:55 INFO     tensorflow  - accuracy = 0.011230469, loss = 3.8619006 (82.402 sec)
2019-04-18 19:10:18 INFO     tensorflow  - accuracy = 0.011257764, loss = 3.9135494 (83.055 sec)
2019-04-18 19:11:40 INFO     tensorflow  - accuracy = 0.011574074, loss = 3.8724241 (81.991 sec)
2019-04-18 19:13:03 INFO     tensorflow  - accuracy = 0.011598926, loss = 3.8949888 (83.080 sec)
2019-04-18 19:14:25 INFO     tensorflow  - accuracy = 0.011623476, loss = 3.9330506 (81.915 sec)
2019-04-18 19:15:48 INFO     tensorflow  - accuracy = 0.01155303, loss = 3.989837 (83.419 sec)
2019-04-18 19:17:10 INFO     tensorflow  - accuracy = 0.011577561, loss = 4.0260496 (82.201 sec)
2019-04-18 19:18:34 INFO     tensorflow  - accuracy = 0.012163173, loss = 3.8881497 (84.025 sec)
2019-04-18 19:19:57 INFO     tensorflow  - accuracy = 0.012276785, loss = 3.9011493 (82.252 sec)
2019-04-18 19:21:21 INFO     tensorflow  - accuracy = 0.012204142, loss = 3.880863 (84.357 sec)
2019-04-18 19:22:44 INFO     tensorflow  - accuracy = 0.012224264, loss = 3.822817 (83.322 sec)
2019-04-18 19:24:08 INFO     tensorflow  - accuracy = 0.012152778, loss = 3.8643441 (83.694 sec)
2019-04-18 19:25:31 INFO     tensorflow  - accuracy = 0.012082122, loss = 3.8786469 (82.997 sec)
2019-04-18 19:26:53 INFO     tensorflow  - accuracy = 0.012102601, loss = 3.9876997 (82.300 sec)
2019-04-18 19:28:17 INFO     tensorflow  - accuracy = 0.012033046, loss = 4.0485954 (84.042 sec)
2019-04-18 19:29:41 INFO     tensorflow  - accuracy = 0.012053572, loss = 4.0159483 (83.322 sec)
2019-04-18 19:31:04 INFO     tensorflow  - accuracy = 0.011985085, loss = 4.083021 (83.674 sec)
2019-04-18 19:32:27 INFO     tensorflow  - accuracy = 0.011917373, loss = 4.12086 (83.061 sec)
2019-04-18 19:33:51 INFO     tensorflow  - accuracy = 0.011850421, loss = 4.1147456 (84.029 sec)
2019-04-18 19:35:15 INFO     tensorflow  - accuracy = 0.011784218, loss = 4.0351825 (83.434 sec)
2019-04-18 19:36:40 INFO     tensorflow  - accuracy = 0.01171875, loss = 3.9438338 (84.690 sec)
2019-04-18 19:38:04 INFO     tensorflow  - accuracy = 0.011654005, loss = 3.8926892 (84.533 sec)
2019-04-18 19:39:29 INFO     tensorflow  - accuracy = 0.011589972, loss = 3.8999221 (84.577 sec)
2019-04-18 19:40:51 INFO     tensorflow  - accuracy = 0.01152664, loss = 3.9241648 (82.375 sec)
2019-04-18 19:42:15 INFO     tensorflow  - accuracy = 0.011463994, loss = 3.9933052 (83.756 sec)
2019-04-18 19:43:38 INFO     tensorflow  - accuracy = 0.011402027, loss = 3.971022 (83.153 sec)
2019-04-18 19:45:01 INFO     tensorflow  - accuracy = 0.011340726, loss = 3.9935775 (82.651 sec)
2019-04-18 19:46:24 INFO     tensorflow  - accuracy = 0.01128008, loss = 3.9758818 (82.955 sec)
2019-04-18 19:47:47 INFO     tensorflow  - accuracy = 0.01122008, loss = 4.016628 (82.997 sec)
2019-04-18 19:49:10 INFO     tensorflow  - accuracy = 0.011160715, loss = 4.0741315 (83.185 sec)
2019-04-18 19:50:33 INFO     tensorflow  - accuracy = 0.011101973, loss = 4.1380587 (82.755 sec)
2019-04-18 19:51:55 INFO     tensorflow  - accuracy = 0.0110438485, loss = 4.147229 (82.730 sec)
2019-04-18 19:53:16 INFO     tensorflow  - accuracy = 0.010986328, loss = 4.0672894 (81.122 sec)
2019-04-18 19:54:39 INFO     tensorflow  - accuracy = 0.010929404, loss = 4.0604978 (83.011 sec)
2019-04-18 19:56:01 INFO     tensorflow  - accuracy = 0.010873067, loss = 4.0018964 (81.731 sec)
2019-04-18 19:57:24 INFO     tensorflow  - accuracy = 0.010817308, loss = 3.9695265 (82.736 sec)
2019-04-18 19:58:46 INFO     tensorflow  - accuracy = 0.010762118, loss = 3.9013352 (82.482 sec)
2019-04-18 20:00:09 INFO     tensorflow  - accuracy = 0.010786802, loss = 4.058557 (82.868 sec)
2019-04-18 20:01:32 INFO     tensorflow  - accuracy = 0.010732323, loss = 3.9569917 (82.450 sec)
2019-04-18 20:02:54 INFO     tensorflow  - accuracy = 0.010678392, loss = 3.971595 (82.374 sec)
2019-04-18 20:04:17 INFO     tensorflow  - accuracy = 0.01078125, loss = 4.0445595 (83.229 sec)
2019-04-18 20:05:40 INFO     tensorflow  - global_step/sec: 0.0120916
2019-04-18 20:05:40 INFO     tensorflow  - loss = 4.002509, step = 201 (8270.235 sec)
2019-04-18 20:05:40 INFO     tensorflow  - accuracy = 0.010727612, loss = 4.002509 (82.556 sec)
2019-04-18 20:07:04 INFO     tensorflow  - accuracy = 0.0108292075, loss = 3.9125135 (83.876 sec)
2019-04-18 20:08:27 INFO     tensorflow  - accuracy = 0.010852832, loss = 3.9239786 (83.225 sec)
2019-04-18 20:09:50 INFO     tensorflow  - accuracy = 0.010876225, loss = 3.9393513 (82.754 sec)
2019-04-18 20:11:12 INFO     tensorflow  - accuracy = 0.010823171, loss = 4.03596 (82.729 sec)
2019-04-18 20:12:36 INFO     tensorflow  - accuracy = 0.010770631, loss = 4.0458555 (84.026 sec)
2019-04-18 20:13:59 INFO     tensorflow  - accuracy = 0.010718599, loss = 3.9748714 (82.401 sec)
2019-04-18 20:15:22 INFO     tensorflow  - accuracy = 0.0107421875, loss = 3.9665225 (83.609 sec)
2019-04-18 20:16:46 INFO     tensorflow  - accuracy = 0.010765551, loss = 3.93832 (83.320 sec)
2019-04-18 20:18:10 INFO     tensorflow  - accuracy = 0.010714286, loss = 3.9714203 (83.890 sec)
2019-04-18 20:19:33 INFO     tensorflow  - accuracy = 0.0106635075, loss = 3.9467218 (82.940 sec)
2019-04-18 20:20:55 INFO     tensorflow  - accuracy = 0.010613208, loss = 3.9405184 (82.334 sec)
2019-04-18 20:22:18 INFO     tensorflow  - accuracy = 0.01056338, loss = 3.8855798 (83.323 sec)
2019-04-18 20:23:40 INFO     tensorflow  - accuracy = 0.010514019, loss = 3.924258 (81.709 sec)
2019-04-18 20:25:03 INFO     tensorflow  - accuracy = 0.010465116, loss = 3.9056153 (83.374 sec)
2019-04-18 20:26:25 INFO     tensorflow  - accuracy = 0.010489005, loss = 3.9081874 (81.922 sec)
2019-04-18 20:27:48 INFO     tensorflow  - accuracy = 0.010800691, loss = 3.820303 (82.742 sec)
2019-04-18 20:29:10 INFO     tensorflow  - accuracy = 0.01196961, loss = 3.6587439 (82.013 sec)
2019-04-18 20:30:33 INFO     tensorflow  - accuracy = 0.013127854, loss = 3.7272801 (83.300 sec)
2019-04-18 20:31:56 INFO     tensorflow  - accuracy = 0.013849432, loss = 3.7792253 (82.987 sec)
2019-04-18 20:33:21 INFO     tensorflow  - accuracy = 0.01456448, loss = 3.7522128 (84.461 sec)
2019-04-18 20:34:44 INFO     tensorflow  - accuracy = 0.015273086, loss = 3.7156968 (83.052 sec)
2019-04-18 20:36:07 INFO     tensorflow  - accuracy = 0.016045403, loss = 3.7422147 (83.264 sec)
2019-04-18 20:37:31 INFO     tensorflow  - accuracy = 0.0163923, loss = 3.7834668 (83.645 sec)
2019-04-18 20:38:55 INFO     tensorflow  - accuracy = 0.016666668, loss = 3.9232967 (84.016 sec)
2019-04-18 20:40:18 INFO     tensorflow  - accuracy = 0.01707688, loss = 3.925627 (83.581 sec)
2019-04-18 20:41:40 INFO     tensorflow  - accuracy = 0.017552312, loss = 3.8526073 (82.103 sec)
2019-04-18 20:43:05 INFO     tensorflow  - accuracy = 0.01761239, loss = 3.7730591 (84.357 sec)
2019-04-18 20:44:27 INFO     tensorflow  - accuracy = 0.017808406, loss = 3.781195 (81.918 sec)
2019-04-18 20:45:50 INFO     tensorflow  - accuracy = 0.017866848, loss = 3.7679224 (83.061 sec)
2019-04-18 20:47:12 INFO     tensorflow  - accuracy = 0.017992424, loss = 3.767643 (82.587 sec)
2019-04-18 20:48:37 INFO     tensorflow  - accuracy = 0.018184267, loss = 3.8023427 (84.244 sec)
2019-04-18 20:49:59 INFO     tensorflow  - accuracy = 0.018106224, loss = 3.9790268 (82.277 sec)
2019-04-18 20:51:22 INFO     tensorflow  - accuracy = 0.01809562, loss = 3.9993627 (83.253 sec)
2019-04-18 20:52:44 INFO     tensorflow  - accuracy = 0.018018616, loss = 3.96203 (81.516 sec)
2019-04-18 20:54:06 INFO     tensorflow  - accuracy = 0.017942267, loss = 4.115981 (82.350 sec)
2019-04-18 20:55:29 INFO     tensorflow  - accuracy = 0.017866561, loss = 4.150145 (82.695 sec)
2019-04-18 20:56:51 INFO     tensorflow  - accuracy = 0.017791491, loss = 4.097993 (82.703 sec)
2019-04-18 20:58:14 INFO     tensorflow  - accuracy = 0.017782427, loss = 3.8921046 (82.883 sec)
2019-04-18 20:59:36 INFO     tensorflow  - accuracy = 0.017708333, loss = 3.8801527 (82.032 sec)
2019-04-18 21:01:00 INFO     tensorflow  - accuracy = 0.017699689, loss = 3.8053179 (83.443 sec)
2019-04-18 21:02:22 INFO     tensorflow  - accuracy = 0.01762655, loss = 3.7983913 (81.970 sec)
2019-04-18 21:03:45 INFO     tensorflow  - accuracy = 0.017554013, loss = 3.9318361 (83.057 sec)
2019-04-18 21:05:07 INFO     tensorflow  - accuracy = 0.017610144, loss = 3.9201186 (82.612 sec)
2019-04-18 21:06:32 INFO     tensorflow  - accuracy = 0.017538264, loss = 3.8245006 (84.442 sec)
2019-04-18 21:07:56 INFO     tensorflow  - accuracy = 0.017530488, loss = 3.9268293 (83.880 sec)
2019-04-18 21:09:20 INFO     tensorflow  - accuracy = 0.017459514, loss = 3.9303675 (83.975 sec)
2019-04-18 21:10:43 INFO     tensorflow  - accuracy = 0.017389113, loss = 3.966416 (83.582 sec)
2019-04-18 21:12:07 INFO     tensorflow  - accuracy = 0.017319277, loss = 3.99894 (83.942 sec)
2019-04-18 21:13:30 INFO     tensorflow  - accuracy = 0.0174375, loss = 3.9846082 (83.268 sec)
2019-04-18 21:14:53 INFO     tensorflow  - accuracy = 0.017368028, loss = 4.00028 (82.618 sec)
2019-04-18 21:16:17 INFO     tensorflow  - accuracy = 0.017299106, loss = 4.0022583 (83.491 sec)
2019-04-18 21:17:39 INFO     tensorflow  - accuracy = 0.01723073, loss = 4.0396414 (82.517 sec)
2019-04-18 21:19:02 INFO     tensorflow  - accuracy = 0.017162893, loss = 4.030661 (83.078 sec)
2019-04-18 21:20:24 INFO     tensorflow  - accuracy = 0.017279413, loss = 3.914997 (82.038 sec)
2019-04-18 21:21:47 INFO     tensorflow  - accuracy = 0.017700195, loss = 3.8411398 (83.238 sec)
2019-04-18 21:23:09 INFO     tensorflow  - accuracy = 0.017874513, loss = 3.867965 (82.021 sec)
2019-04-18 21:24:33 INFO     tensorflow  - accuracy = 0.017986918, loss = 3.840279 (83.226 sec)
2019-04-18 21:25:54 INFO     tensorflow  - accuracy = 0.017917471, loss = 3.9432693 (81.791 sec)
2019-04-18 21:27:18 INFO     tensorflow  - accuracy = 0.018028846, loss = 3.9799485 (83.464 sec)
2019-04-18 21:28:41 INFO     tensorflow  - accuracy = 0.018139368, loss = 3.8783514 (82.863 sec)
2019-04-18 21:30:03 INFO     tensorflow  - accuracy = 0.018070133, loss = 3.8929782 (82.704 sec)
2019-04-18 21:31:26 INFO     tensorflow  - accuracy = 0.018060837, loss = 3.8574126 (82.771 sec)
2019-04-18 21:32:49 INFO     tensorflow  - accuracy = 0.018110795, loss = 3.9625406 (82.918 sec)
2019-04-18 21:34:13 INFO     tensorflow  - accuracy = 0.018101415, loss = 4.0164394 (83.481 sec)
2019-04-18 21:35:35 INFO     tensorflow  - accuracy = 0.018092105, loss = 3.9637742 (82.156 sec)
2019-04-18 21:36:58 INFO     tensorflow  - accuracy = 0.018375468, loss = 3.8060272 (83.421 sec)
2019-04-18 21:38:20 INFO     tensorflow  - accuracy = 0.01900653, loss = 3.6993923 (82.157 sec)
2019-04-18 21:39:43 INFO     tensorflow  - accuracy = 0.019690985, loss = 3.7384744 (82.665 sec)
2019-04-18 21:41:06 INFO     tensorflow  - accuracy = 0.02013889, loss = 3.6806064 (82.715 sec)
2019-04-18 21:42:29 INFO     tensorflow  - accuracy = 0.020987084, loss = 3.6403744 (83.635 sec)
2019-04-18 21:43:52 INFO     tensorflow  - accuracy = 0.022001378, loss = 3.6244636 (82.769 sec)
2019-04-18 21:45:15 INFO     tensorflow  - accuracy = 0.02272207, loss = 3.6067526 (82.735 sec)
2019-04-18 21:46:37 INFO     tensorflow  - accuracy = 0.023893705, loss = 3.563726 (81.964 sec)
2019-04-18 21:48:00 INFO     tensorflow  - accuracy = 0.025397727, loss = 3.579879 (82.964 sec)
2019-04-18 21:49:22 INFO     tensorflow  - accuracy = 0.027060688, loss = 3.53519 (82.004 sec)
2019-04-18 21:50:43 INFO     tensorflow  - accuracy = 0.028768051, loss = 3.5109437 (81.441 sec)
2019-04-18 21:52:07 INFO     tensorflow  - accuracy = 0.02990108, loss = 3.5482402 (83.325 sec)
2019-04-18 21:53:29 INFO     tensorflow  - accuracy = 0.030689964, loss = 3.6463127 (82.023 sec)
2019-04-18 21:54:52 INFO     tensorflow  - accuracy = 0.031752232, loss = 3.6124978 (83.247 sec)
2019-04-18 21:56:14 INFO     tensorflow  - accuracy = 0.03280694, loss = 3.5909374 (81.915 sec)
2019-04-18 21:57:37 INFO     tensorflow  - accuracy = 0.034131207, loss = 3.495725 (83.356 sec)
2019-04-18 21:58:59 INFO     tensorflow  - accuracy = 0.03594302, loss = 3.460099 (82.082 sec)
2019-04-18 22:00:22 INFO     tensorflow  - accuracy = 0.036641724, loss = 3.7163107 (82.988 sec)
2019-04-18 22:01:44 INFO     tensorflow  - accuracy = 0.03711623, loss = 3.8019795 (82.087 sec)
2019-04-18 22:03:08 INFO     tensorflow  - accuracy = 0.037478145, loss = 3.832204 (83.365 sec)
2019-04-18 22:04:30 INFO     tensorflow  - accuracy = 0.037565332, loss = 3.770293 (81.931 sec)
2019-04-18 22:05:52 INFO     tensorflow  - accuracy = 0.037597656, loss = 3.749052 (82.029 sec)
2019-04-18 22:07:16 INFO     tensorflow  - accuracy = 0.037629757, loss = 3.7156208 (83.901 sec)
2019-04-18 22:08:39 INFO     tensorflow  - accuracy = 0.037715517, loss = 3.6801357 (83.214 sec)
2019-04-18 22:10:02 INFO     tensorflow  - accuracy = 0.03796177, loss = 3.5873003 (83.143 sec)
2019-04-18 22:11:23 INFO     tensorflow  - accuracy = 0.037992295, loss = 3.761558 (81.576 sec)
2019-04-18 22:12:47 INFO     tensorflow  - accuracy = 0.037969284, loss = 3.9631672 (83.118 sec)
2019-04-18 22:14:09 INFO     tensorflow  - accuracy = 0.03794643, loss = 3.884634 (82.125 sec)
2019-04-18 22:15:32 INFO     tensorflow  - accuracy = 0.037976693, loss = 3.8772469 (83.064 sec)
2019-04-18 22:16:54 INFO     tensorflow  - accuracy = 0.03790118, loss = 4.1526613 (82.259 sec)
2019-04-18 22:18:17 INFO     tensorflow  - accuracy = 0.03777357, loss = 4.1222057 (83.181 sec)
2019-04-18 22:19:40 INFO     tensorflow  - accuracy = 0.03764681, loss = 4.010877 (83.119 sec)
2019-04-18 22:21:04 INFO     tensorflow  - accuracy = 0.037520904, loss = 3.8510547 (83.317 sec)
2019-04-18 22:22:27 INFO     tensorflow  - accuracy = 0.037395835, loss = 3.702725 (83.365 sec)
2019-04-18 22:23:51 INFO     tensorflow  - global_step/sec: 0.0120615
2019-04-18 22:23:51 INFO     tensorflow  - loss = 3.6997852, step = 301 (8290.852 sec)
2019-04-18 22:23:51 INFO     tensorflow  - accuracy = 0.037375417, loss = 3.6997852 (83.629 sec)
2019-04-18 22:25:14 INFO     tensorflow  - accuracy = 0.037251655, loss = 3.749148 (83.087 sec)
2019-04-18 22:26:37 INFO     tensorflow  - accuracy = 0.037128713, loss = 3.8130875 (82.791 sec)
2019-04-18 22:28:00 INFO     tensorflow  - accuracy = 0.037109375, loss = 3.7682257 (83.325 sec)
2019-04-18 22:29:22 INFO     tensorflow  - accuracy = 0.036987703, loss = 3.7819977 (82.584 sec)
2019-04-18 22:30:46 INFO     tensorflow  - accuracy = 0.03691789, loss = 3.837843 (83.089 sec)
2019-04-18 22:32:07 INFO     tensorflow  - accuracy = 0.03679764, loss = 3.88545 (81.904 sec)
2019-04-18 22:33:31 INFO     tensorflow  - accuracy = 0.036728896, loss = 3.880498 (83.302 sec)
2019-04-18 22:34:52 INFO     tensorflow  - accuracy = 0.0366606, loss = 3.9096956 (81.720 sec)
2019-04-18 22:36:15 INFO     tensorflow  - accuracy = 0.03659274, loss = 3.9383328 (82.220 sec)
2019-04-18 22:37:37 INFO     tensorflow  - accuracy = 0.03647508, loss = 3.926176 (82.234 sec)
2019-04-18 22:39:00 INFO     tensorflow  - accuracy = 0.036358174, loss = 3.9607134 (82.650 sec)
2019-04-18 22:40:23 INFO     tensorflow  - accuracy = 0.036242012, loss = 4.00331 (82.960 sec)
2019-04-18 22:41:45 INFO     tensorflow  - accuracy = 0.036275875, loss = 3.976869 (82.342 sec)
2019-04-18 22:43:08 INFO     tensorflow  - accuracy = 0.03640873, loss = 3.7819977 (83.340 sec)
2019-04-18 22:44:31 INFO     tensorflow  - accuracy = 0.036689084, loss = 3.7990422 (82.451 sec)
2019-04-18 22:45:53 INFO     tensorflow  - accuracy = 0.036721215, loss = 3.7538822 (82.756 sec)
2019-04-18 22:47:15 INFO     tensorflow  - accuracy = 0.036753144, loss = 3.8726344 (82.053 sec)
2019-04-18 22:48:38 INFO     tensorflow  - accuracy = 0.036784876, loss = 3.8076649 (82.971 sec)
2019-04-18 22:50:01 INFO     tensorflow  - accuracy = 0.036865234, loss = 3.8748136 (82.833 sec)
2019-04-18 22:51:25 INFO     tensorflow  - accuracy = 0.036945093, loss = 3.8108737 (83.945 sec)
2019-04-18 22:52:48 INFO     tensorflow  - accuracy = 0.036927406, loss = 3.794747 (82.701 sec)
2019-04-18 22:54:11 INFO     tensorflow  - accuracy = 0.03681308, loss = 3.8029673 (83.255 sec)
2019-04-18 22:55:33 INFO     tensorflow  - accuracy = 0.03679591, loss = 3.9330573 (82.263 sec)
2019-04-18 22:56:56 INFO     tensorflow  - accuracy = 0.03701923, loss = 3.9001856 (82.098 sec)
2019-04-18 22:58:19 INFO     tensorflow  - accuracy = 0.03819977, loss = 3.6738458 (83.056 sec)
2019-04-18 22:59:40 INFO     tensorflow  - accuracy = 0.040424313, loss = 3.3243427 (81.834 sec)
2019-04-18 23:01:03 INFO     tensorflow  - accuracy = 0.04249238, loss = 3.3703194 (82.807 sec)
2019-04-18 23:02:25 INFO     tensorflow  - accuracy = 0.044785336, loss = 3.30937 (81.798 sec)
2019-04-18 23:03:49 INFO     tensorflow  - accuracy = 0.047064394, loss = 3.2468314 (83.710 sec)
2019-04-18 23:05:11 INFO     tensorflow  - accuracy = 0.049329683, loss = 3.2449555 (82.467 sec)
2019-04-18 23:06:35 INFO     tensorflow  - accuracy = 0.051769577, loss = 3.1911616 (83.523 sec)
2019-04-18 23:07:57 INFO     tensorflow  - accuracy = 0.054100975, loss = 3.1854453 (81.987 sec)
2019-04-18 23:09:19 INFO     tensorflow  - accuracy = 0.0566991, loss = 3.1050062 (82.687 sec)
2019-04-18 23:10:42 INFO     tensorflow  - accuracy = 0.059421644, loss = 3.0877192 (82.762 sec)
2019-04-18 23:12:04 INFO     tensorflow  - accuracy = 0.06189546, loss = 3.1371737 (81.823 sec)
2019-04-18 23:13:27 INFO     tensorflow  - accuracy = 0.063380934, loss = 3.295046 (82.695 sec)
2019-04-18 23:14:49 INFO     tensorflow  - accuracy = 0.064302884, loss = 3.4085073 (82.263 sec)
2019-04-18 23:16:12 INFO     tensorflow  - accuracy = 0.06471239, loss = 3.5780401 (83.270 sec)
2019-04-18 23:17:33 INFO     tensorflow  - accuracy = 0.065349266, loss = 3.4718409 (81.236 sec)
2019-04-18 23:18:57 INFO     tensorflow  - accuracy = 0.066623904, loss = 3.425787 (83.238 sec)
2019-04-18 23:20:19 INFO     tensorflow  - accuracy = 0.06830227, loss = 3.3071692 (82.495 sec)
2019-04-18 23:21:43 INFO     tensorflow  - accuracy = 0.06978863, loss = 3.3949814 (83.683 sec)
2019-04-18 23:23:06 INFO     tensorflow  - accuracy = 0.07067587, loss = 3.6742427 (82.649 sec)
2019-04-18 23:24:29 INFO     tensorflow  - accuracy = 0.07101449, loss = 3.7693248 (83.900 sec)
2019-04-18 23:25:52 INFO     tensorflow  - accuracy = 0.0710802, loss = 3.7381845 (82.754 sec)
2019-04-18 23:27:15 INFO     tensorflow  - accuracy = 0.071145535, loss = 3.7399893 (83.228 sec)
2019-04-18 23:28:38 INFO     tensorflow  - accuracy = 0.071255386, loss = 3.5258117 (82.302 sec)
2019-04-18 23:30:00 INFO     tensorflow  - accuracy = 0.07127507, loss = 3.544642 (82.490 sec)
2019-04-18 23:31:23 INFO     tensorflow  - accuracy = 0.071741074, loss = 3.4579785 (83.137 sec)
2019-04-18 23:32:45 INFO     tensorflow  - accuracy = 0.07207087, loss = 3.4580703 (82.147 sec)
2019-04-18 23:34:09 INFO     tensorflow  - accuracy = 0.07213246, loss = 3.77436 (83.717 sec)
2019-04-18 23:35:32 INFO     tensorflow  - accuracy = 0.07197238, loss = 3.934513 (82.702 sec)
2019-04-18 23:36:55 INFO     tensorflow  - accuracy = 0.071901485, loss = 3.8246078 (83.558 sec)
2019-04-18 23:38:17 INFO     tensorflow  - accuracy = 0.07169894, loss = 3.85668 (82.008 sec)
2019-04-18 23:39:40 INFO     tensorflow  - accuracy = 0.07158532, loss = 4.1274195 (82.726 sec)
2019-04-18 23:41:02 INFO     tensorflow  - accuracy = 0.071428575, loss = 3.9505744 (81.720 sec)
2019-04-18 23:42:25 INFO     tensorflow  - accuracy = 0.07127269, loss = 3.8846695 (83.543 sec)
2019-04-18 23:43:48 INFO     tensorflow  - accuracy = 0.07111769, loss = 3.7533786 (82.271 sec)
2019-04-18 23:45:10 INFO     tensorflow  - accuracy = 0.071050346, loss = 3.6550782 (82.370 sec)
2019-04-18 23:46:32 INFO     tensorflow  - accuracy = 0.07098338, loss = 3.6060765 (82.397 sec)
2019-04-18 23:47:54 INFO     tensorflow  - accuracy = 0.070787296, loss = 3.6793854 (81.806 sec)
2019-04-18 23:49:17 INFO     tensorflow  - accuracy = 0.070592284, loss = 3.7447243 (82.961 sec)
2019-04-18 23:50:39 INFO     tensorflow  - accuracy = 0.07039835, loss = 3.6633358 (81.273 sec)
2019-04-18 23:52:01 INFO     tensorflow  - accuracy = 0.07024829, loss = 3.709406 (82.962 sec)
2019-04-18 23:53:23 INFO     tensorflow  - accuracy = 0.07009904, loss = 3.81774 (81.979 sec)
2019-04-18 23:54:47 INFO     tensorflow  - accuracy = 0.06995061, loss = 3.87751 (83.113 sec)
2019-04-18 23:56:09 INFO     tensorflow  - accuracy = 0.06980299, loss = 3.7692747 (82.447 sec)
2019-04-18 23:57:32 INFO     tensorflow  - accuracy = 0.06961382, loss = 3.8170786 (83.406 sec)
2019-04-18 23:58:54 INFO     tensorflow  - accuracy = 0.06951013, loss = 3.7636085 (81.723 sec)
2019-04-19 00:00:17 INFO     tensorflow  - accuracy = 0.06932278, loss = 3.860317 (82.892 sec)
2019-04-19 00:01:39 INFO     tensorflow  - accuracy = 0.069136426, loss = 3.89391 (82.204 sec)
2019-04-19 00:03:01 INFO     tensorflow  - accuracy = 0.068992965, loss = 3.8844268 (82.123 sec)
2019-04-19 00:04:24 INFO     tensorflow  - accuracy = 0.069059156, loss = 3.853947 (82.797 sec)
2019-04-19 00:05:46 INFO     tensorflow  - accuracy = 0.06908333, loss = 3.7139368 (81.781 sec)
2019-04-19 00:07:09 INFO     tensorflow  - accuracy = 0.06898271, loss = 3.765904 (83.317 sec)
2019-04-19 00:08:32 INFO     tensorflow  - accuracy = 0.06908985, loss = 3.650269 (82.257 sec)
2019-04-19 00:09:55 INFO     tensorflow  - accuracy = 0.069113754, loss = 3.8000865 (83.153 sec)
2019-04-19 00:11:16 INFO     tensorflow  - accuracy = 0.06901385, loss = 3.7489786 (81.746 sec)
2019-04-19 00:12:40 INFO     tensorflow  - accuracy = 0.06883223, loss = 3.9072766 (83.400 sec)
2019-04-19 00:14:02 INFO     tensorflow  - accuracy = 0.06869259, loss = 3.775166 (82.354 sec)
2019-04-19 00:15:25 INFO     tensorflow  - accuracy = 0.06859457, loss = 3.764701 (83.317 sec)
2019-04-19 00:16:47 INFO     tensorflow  - accuracy = 0.06849706, loss = 3.7938242 (81.653 sec)
2019-04-19 00:18:09 INFO     tensorflow  - accuracy = 0.06840006, loss = 3.841979 (81.896 sec)
2019-04-19 00:19:31 INFO     tensorflow  - accuracy = 0.06911526, loss = 3.5284367 (81.509 sec)
2019-04-19 00:20:52 INFO     tensorflow  - accuracy = 0.070069626, loss = 3.484959 (81.110 sec)
2019-04-19 00:22:14 INFO     tensorflow  - accuracy = 0.071988046, loss = 3.0176775 (82.424 sec)
2019-04-19 00:23:36 INFO     tensorflow  - accuracy = 0.07393686, loss = 2.9595788 (82.389 sec)
2019-04-19 00:24:59 INFO     tensorflow  - accuracy = 0.07595598, loss = 2.9358082 (82.942 sec)
2019-04-19 00:26:22 INFO     tensorflow  - accuracy = 0.07820513, loss = 2.8561122 (82.370 sec)
2019-04-19 00:27:45 INFO     tensorflow  - accuracy = 0.0805227, loss = 2.7883077 (83.490 sec)
2019-04-19 00:29:07 INFO     tensorflow  - accuracy = 0.08282845, loss = 2.8445945 (81.849 sec)
2019-04-19 00:30:30 INFO     tensorflow  - accuracy = 0.08512246, loss = 2.7344875 (83.008 sec)
2019-04-19 00:31:52 INFO     tensorflow  - accuracy = 0.08744448, loss = 2.7100053 (81.984 sec)
2019-04-19 00:33:15 INFO     tensorflow  - accuracy = 0.089754745, loss = 2.667617 (82.975 sec)
2019-04-19 00:34:38 INFO     tensorflow  - accuracy = 0.09189552, loss = 2.7206862 (82.747 sec)
2019-04-19 00:35:59 INFO     tensorflow  - accuracy = 0.09304156, loss = 3.0732272 (81.558 sec)
2019-04-19 00:37:22 INFO     tensorflow  - accuracy = 0.093592964, loss = 3.310906 (82.675 sec)
2019-04-19 00:38:44 INFO     tensorflow  - accuracy = 0.09382832, loss = 3.4682178 (81.854 sec)
2019-04-19 00:40:07 INFO     tensorflow  - accuracy = 0.094648436, loss = 3.4125934 (83.101 sec)
2019-04-19 00:41:29 INFO     tensorflow  - global_step/sec: 0.0121092
2019-04-19 00:41:29 INFO     tensorflow  - loss = 3.3796048, step = 401 (8258.171 sec)
2019-04-19 00:41:29 INFO     tensorflow  - accuracy = 0.09554239, loss = 3.3796048 (81.799 sec)
2019-04-19 00:42:52 INFO     tensorflow  - accuracy = 0.097053796, loss = 3.190943 (82.891 sec)
2019-04-19 00:44:13 INFO     tensorflow  - accuracy = 0.09832506, loss = 3.3426242 (81.402 sec)
2019-04-19 00:45:36 INFO     tensorflow  - accuracy = 0.09866182, loss = 3.6394396 (82.460 sec)
2019-04-19 00:46:57 INFO     tensorflow  - accuracy = 0.09876543, loss = 3.735783 (80.942 sec)
2019-04-19 00:48:19 INFO     tensorflow  - accuracy = 0.09879156, loss = 3.743424 (82.021 sec)
2019-04-19 00:49:40 INFO     tensorflow  - accuracy = 0.09893274, loss = 3.518431 (81.652 sec)
2019-04-19 00:51:01 INFO     tensorflow  - accuracy = 0.098958336, loss = 3.4795032 (81.201 sec)
2019-04-19 00:52:24 INFO     tensorflow  - accuracy = 0.098907396, loss = 3.4342494 (82.799 sec)
2019-04-19 00:53:46 INFO     tensorflow  - accuracy = 0.09908537, loss = 3.3565135 (82.024 sec)
2019-04-19 00:55:10 INFO     tensorflow  - accuracy = 0.0991104, loss = 3.438811 (83.607 sec)
2019-04-19 00:56:32 INFO     tensorflow  - accuracy = 0.09902154, loss = 3.747035 (81.680 sec)
2019-04-19 00:57:54 INFO     tensorflow  - accuracy = 0.09897094, loss = 3.8015215 (82.916 sec)
2019-04-19 00:59:17 INFO     tensorflow  - accuracy = 0.09888285, loss = 3.6414618 (82.104 sec)
2019-04-19 01:00:39 INFO     tensorflow  - accuracy = 0.09871988, loss = 3.9038503 (82.535 sec)
2019-04-19 01:02:01 INFO     tensorflow  - accuracy = 0.09848257, loss = 3.9347506 (82.015 sec)
2019-04-19 01:03:24 INFO     tensorflow  - accuracy = 0.0982464, loss = 3.9819126 (82.716 sec)
2019-04-19 01:04:46 INFO     tensorflow  - accuracy = 0.09804875, loss = 3.7516613 (82.419 sec)
2019-04-19 01:06:08 INFO     tensorflow  - accuracy = 0.09785203, loss = 3.5438635 (82.171 sec)
2019-04-19 01:07:32 INFO     tensorflow  - accuracy = 0.09776786, loss = 3.559009 (83.799 sec)
2019-04-19 01:08:54 INFO     tensorflow  - accuracy = 0.097609855, loss = 3.5438843 (81.893 sec)
2019-04-19 01:10:17 INFO     tensorflow  - accuracy = 0.097563684, loss = 3.5573776 (82.612 sec)
2019-04-19 01:11:38 INFO     tensorflow  - accuracy = 0.09740692, loss = 3.7164128 (81.349 sec)
2019-04-19 01:13:01 INFO     tensorflow  - accuracy = 0.09728774, loss = 3.5703292 (83.018 sec)
2019-04-19 01:14:22 INFO     tensorflow  - accuracy = 0.097058825, loss = 3.6476057 (81.322 sec)
2019-04-19 01:15:46 INFO     tensorflow  - accuracy = 0.096867666, loss = 3.7228203 (83.243 sec)
2019-04-19 01:17:07 INFO     tensorflow  - accuracy = 0.09664081, loss = 3.777042 (81.586 sec)
2019-04-19 01:18:30 INFO     tensorflow  - accuracy = 0.09648803, loss = 3.7668443 (82.858 sec)
2019-04-19 01:19:53 INFO     tensorflow  - accuracy = 0.09626311, loss = 3.7866077 (82.683 sec)
2019-04-19 01:21:14 INFO     tensorflow  - accuracy = 0.09603924, loss = 3.734035 (81.735 sec)
2019-04-19 01:22:38 INFO     tensorflow  - accuracy = 0.095852666, loss = 3.7384863 (83.712 sec)
2019-04-19 01:24:00 INFO     tensorflow  - accuracy = 0.09563079, loss = 3.8882933 (82.294 sec)
2019-04-19 01:25:24 INFO     tensorflow  - accuracy = 0.09540993, loss = 3.8496726 (83.323 sec)
2019-04-19 01:26:46 INFO     tensorflow  - accuracy = 0.09537011, loss = 3.726441 (82.037 sec)
2019-04-19 01:28:10 INFO     tensorflow  - accuracy = 0.0955819, loss = 3.6581411 (83.845 sec)
2019-04-19 01:29:32 INFO     tensorflow  - accuracy = 0.09564937, loss = 3.620295 (82.141 sec)
2019-04-19 01:30:55 INFO     tensorflow  - accuracy = 0.09553776, loss = 3.686513 (83.491 sec)
2019-04-19 01:32:18 INFO     tensorflow  - accuracy = 0.09542666, loss = 3.7491968 (82.206 sec)
2019-04-19 01:33:41 INFO     tensorflow  - accuracy = 0.095209286, loss = 3.7343533 (83.169 sec)
2019-04-19 01:35:03 INFO     tensorflow  - accuracy = 0.09502841, loss = 3.7378588 (82.201 sec)
2019-04-19 01:36:26 INFO     tensorflow  - accuracy = 0.094883785, loss = 3.765598 (82.918 sec)
2019-04-19 01:37:48 INFO     tensorflow  - accuracy = 0.09477517, loss = 3.830602 (82.284 sec)
2019-04-19 01:39:09 INFO     tensorflow  - accuracy = 0.09456123, loss = 3.788671 (81.154 sec)
2019-04-19 01:40:32 INFO     tensorflow  - accuracy = 0.09438345, loss = 3.7339008 (83.110 sec)
2019-04-19 01:41:54 INFO     tensorflow  - accuracy = 0.09480337, loss = 3.4587185 (81.873 sec)
2019-04-19 01:43:17 INFO     tensorflow  - accuracy = 0.09602719, loss = 3.0367687 (83.070 sec)
2019-04-19 01:44:39 INFO     tensorflow  - accuracy = 0.097490214, loss = 2.8422256 (81.386 sec)
2019-04-19 01:46:01 INFO     tensorflow  - accuracy = 0.099190846, loss = 2.6611724 (82.742 sec)
2019-04-19 01:47:23 INFO     tensorflow  - accuracy = 0.1010927, loss = 2.5276883 (81.654 sec)
2019-04-19 01:48:46 INFO     tensorflow  - accuracy = 0.10295139, loss = 2.590079 (82.851 sec)
2019-04-19 01:50:07 INFO     tensorflow  - accuracy = 0.10490576, loss = 2.3772657 (81.022 sec)
2019-04-19 01:51:30 INFO     tensorflow  - accuracy = 0.10688606, loss = 2.3788035 (83.215 sec)
2019-04-19 01:52:52 INFO     tensorflow  - accuracy = 0.10885762, loss = 2.3787694 (81.785 sec)
2019-04-19 01:54:14 INFO     tensorflow  - accuracy = 0.11082049, loss = 2.2969036 (82.031 sec)
2019-04-19 01:55:36 INFO     tensorflow  - accuracy = 0.11277472, loss = 2.3105388 (81.987 sec)
2019-04-19 01:56:58 INFO     tensorflow  - accuracy = 0.11420641, loss = 2.5677726 (82.117 sec)
2019-04-19 01:58:21 INFO     tensorflow  - accuracy = 0.11477708, loss = 3.028293 (83.001 sec)
2019-04-19 01:59:43 INFO     tensorflow  - accuracy = 0.11500409, loss = 3.2671494 (81.935 sec)
2019-04-19 02:01:06 INFO     tensorflow  - accuracy = 0.11536629, loss = 3.2835076 (83.371 sec)
2019-04-19 02:02:28 INFO     tensorflow  - accuracy = 0.116202444, loss = 3.300331 (81.681 sec)
2019-04-19 02:03:51 INFO     tensorflow  - accuracy = 0.11703498, loss = 3.271133 (82.446 sec)
2019-04-19 02:05:11 INFO     tensorflow  - accuracy = 0.11786391, loss = 3.2020226 (80.364 sec)
2019-04-19 02:06:33 INFO     tensorflow  - accuracy = 0.118689254, loss = 3.3708465 (82.078 sec)
2019-04-19 02:07:55 INFO     tensorflow  - accuracy = 0.11893858, loss = 3.665628 (82.461 sec)
2019-04-19 02:09:17 INFO     tensorflow  - accuracy = 0.11895161, loss = 3.6866937 (81.580 sec)
2019-04-19 02:10:40 INFO     tensorflow  - accuracy = 0.118864, loss = 3.6429281 (82.831 sec)
2019-04-19 02:12:01 INFO     tensorflow  - accuracy = 0.11874331, loss = 3.5066462 (81.381 sec)
2019-04-19 02:13:25 INFO     tensorflow  - accuracy = 0.11852297, loss = 3.4267538 (83.281 sec)
2019-04-19 02:14:47 INFO     tensorflow  - accuracy = 0.118336886, loss = 3.395236 (82.023 sec)
2019-04-19 02:16:09 INFO     tensorflow  - accuracy = 0.118351065, loss = 3.3438585 (82.961 sec)
2019-04-19 02:17:31 INFO     tensorflow  - accuracy = 0.11839835, loss = 3.3959565 (81.729 sec)
2019-04-19 02:18:55 INFO     tensorflow  - accuracy = 0.118379235, loss = 3.7105236 (83.509 sec)
2019-04-19 02:20:17 INFO     tensorflow  - accuracy = 0.1182611, loss = 3.824857 (82.206 sec)
2019-04-19 02:21:39 INFO     tensorflow  - accuracy = 0.11817642, loss = 3.6248617 (82.479 sec)
2019-04-19 02:23:01 INFO     tensorflow  - accuracy = 0.118026316, loss = 3.8258598 (81.910 sec)
2019-04-19 02:24:25 INFO     tensorflow  - accuracy = 0.117844015, loss = 3.8485353 (83.356 sec)
2019-04-19 02:25:47 INFO     tensorflow  - accuracy = 0.11759696, loss = 3.9281533 (81.936 sec)
2019-04-19 02:27:09 INFO     tensorflow  - accuracy = 0.117416315, loss = 3.6238852 (82.282 sec)
2019-04-19 02:28:32 INFO     tensorflow  - accuracy = 0.11720381, loss = 3.4876146 (82.738 sec)
2019-04-19 02:29:53 INFO     tensorflow  - accuracy = 0.11699219, loss = 3.4267726 (81.591 sec)
2019-04-19 02:31:16 INFO     tensorflow  - accuracy = 0.11681393, loss = 3.4614923 (83.250 sec)
2019-04-19 02:32:39 INFO     tensorflow  - accuracy = 0.11663641, loss = 3.5706437 (82.118 sec)
2019-04-19 02:34:02 INFO     tensorflow  - accuracy = 0.11642728, loss = 3.5923328 (83.846 sec)
2019-04-19 02:35:25 INFO     tensorflow  - accuracy = 0.11634814, loss = 3.5075233 (82.080 sec)
2019-04-19 02:36:48 INFO     tensorflow  - accuracy = 0.116108246, loss = 3.578312 (83.441 sec)
2019-04-19 02:38:11 INFO     tensorflow  - accuracy = 0.11586934, loss = 3.6945007 (83.475 sec)
2019-04-19 02:39:35 INFO     tensorflow  - accuracy = 0.11563142, loss = 3.7564938 (83.360 sec)
2019-04-19 02:40:57 INFO     tensorflow  - accuracy = 0.1154585, loss = 3.6641097 (82.090 sec)
2019-04-19 02:42:20 INFO     tensorflow  - accuracy = 0.11525434, loss = 3.7057614 (82.879 sec)
2019-04-19 02:43:43 INFO     tensorflow  - accuracy = 0.115019135, loss = 3.678328 (82.928 sec)
2019-04-19 02:45:05 INFO     tensorflow  - accuracy = 0.11500764, loss = 3.6453705 (82.017 sec)
2019-04-19 02:46:29 INFO     tensorflow  - accuracy = 0.11480564, loss = 3.8448777 (84.259 sec)
2019-04-19 02:47:51 INFO     tensorflow  - accuracy = 0.11485801, loss = 3.7242463 (82.344 sec)
2019-04-19 02:49:15 INFO     tensorflow  - accuracy = 0.11506832, loss = 3.6719704 (83.299 sec)
2019-04-19 02:50:37 INFO     tensorflow  - accuracy = 0.11534091, loss = 3.5991168 (82.671 sec)
2019-04-19 02:52:01 INFO     tensorflow  - accuracy = 0.11539189, loss = 3.497315 (84.000 sec)
2019-04-19 02:53:24 INFO     tensorflow  - accuracy = 0.11525402, loss = 3.6416903 (83.109 sec)
2019-04-19 02:54:48 INFO     tensorflow  - accuracy = 0.115116715, loss = 3.6967535 (84.093 sec)
2019-04-19 02:56:10 INFO     tensorflow  - accuracy = 0.114948645, loss = 3.690404 (81.826 sec)
2019-04-19 02:57:34 INFO     tensorflow  - accuracy = 0.11478125, loss = 3.6506255 (83.717 sec)
2019-04-19 02:58:56 INFO     tensorflow  - global_step/sec: 0.0121247
2019-04-19 02:58:56 INFO     tensorflow  - loss = 3.8213868, step = 501 (8247.611 sec)
2019-04-19 02:58:56 INFO     tensorflow  - accuracy = 0.11455215, loss = 3.8213868 (82.412 sec)
2019-04-19 03:00:19 INFO     tensorflow  - accuracy = 0.11441733, loss = 3.6675563 (82.583 sec)
2019-04-19 03:01:41 INFO     tensorflow  - accuracy = 0.114251986, loss = 3.6510346 (82.261 sec)
2019-04-19 03:03:03 INFO     tensorflow  - accuracy = 0.1141493, loss = 3.6555693 (81.704 sec)
2019-04-19 03:04:26 INFO     tensorflow  - accuracy = 0.114882424, loss = 3.0972602 (82.760 sec)
2019-04-19 03:05:48 INFO     tensorflow  - accuracy = 0.11616848, loss = 2.570046 (81.933 sec)
2019-04-19 03:07:10 INFO     tensorflow  - accuracy = 0.11763437, loss = 2.3321805 (82.367 sec)
2019-04-19 03:08:32 INFO     tensorflow  - accuracy = 0.11909449, loss = 2.4376519 (81.631 sec)
2019-04-19 03:09:54 INFO     tensorflow  - accuracy = 0.12042608, loss = 2.462827 (82.667 sec)
2019-04-19 03:11:17 INFO     tensorflow  - accuracy = 0.1221201, loss = 2.0874789 (82.418 sec)
2019-04-19 03:12:40 INFO     tensorflow  - accuracy = 0.12380748, loss = 2.0974002 (83.641 sec)
2019-04-19 03:14:03 INFO     tensorflow  - accuracy = 0.1255188, loss = 1.9743857 (82.358 sec)
2019-04-19 03:15:26 INFO     tensorflow  - accuracy = 0.12722345, loss = 1.9044955 (83.149 sec)
2019-04-19 03:16:49 INFO     tensorflow  - accuracy = 0.12892145, loss = 1.9233298 (82.858 sec)
2019-04-19 03:18:11 INFO     tensorflow  - accuracy = 0.13061287, loss = 1.9120879 (82.151 sec)
2019-04-19 03:19:34 INFO     tensorflow  - accuracy = 0.13178295, loss = 2.2984424 (83.487 sec)
2019-04-19 03:20:56 INFO     tensorflow  - accuracy = 0.13228361, loss = 2.9276257 (81.804 sec)
2019-04-19 03:22:19 INFO     tensorflow  - accuracy = 0.1322997, loss = 3.3756826 (83.250 sec)
2019-04-19 03:23:41 INFO     tensorflow  - accuracy = 0.13270713, loss = 3.1784263 (81.761 sec)
2019-04-19 03:25:05 INFO     tensorflow  - accuracy = 0.13341346, loss = 3.1678493 (83.599 sec)
2019-04-19 03:26:27 INFO     tensorflow  - accuracy = 0.13426703, loss = 3.0702393 (81.706 sec)
2019-04-19 03:27:50 INFO     tensorflow  - accuracy = 0.13523707, loss = 2.9983282 (83.291 sec)
2019-04-19 03:29:12 INFO     tensorflow  - accuracy = 0.13566563, loss = 3.339357 (82.262 sec)
2019-04-19 03:30:35 INFO     tensorflow  - accuracy = 0.13576455, loss = 3.6379676 (82.799 sec)
2019-04-19 03:31:58 INFO     tensorflow  - accuracy = 0.13574405, loss = 3.6176581 (82.832 sec)
2019-04-19 03:33:21 INFO     tensorflow  - accuracy = 0.1355751, loss = 3.5711894 (82.894 sec)
2019-04-19 03:34:43 INFO     tensorflow  - accuracy = 0.13549574, loss = 3.469467 (82.250 sec)
2019-04-19 03:36:04 INFO     tensorflow  - accuracy = 0.13538708, loss = 3.426406 (81.293 sec)
2019-04-19 03:37:28 INFO     tensorflow  - accuracy = 0.13521975, loss = 3.3655906 (83.486 sec)
2019-04-19 03:38:49 INFO     tensorflow  - accuracy = 0.13502358, loss = 3.3013186 (81.727 sec)
2019-04-19 03:40:13 INFO     tensorflow  - accuracy = 0.13488701, loss = 3.572031 (83.328 sec)
2019-04-19 03:41:34 INFO     tensorflow  - accuracy = 0.13466282, loss = 3.693719 (81.617 sec)
2019-04-19 03:42:57 INFO     tensorflow  - accuracy = 0.1344395, loss = 3.6321445 (82.900 sec)
2019-04-19 03:44:19 INFO     tensorflow  - accuracy = 0.13427551, loss = 3.6116886 (81.561 sec)
2019-04-19 03:45:42 INFO     tensorflow  - accuracy = 0.13402453, loss = 3.8791685 (82.852 sec)
2019-04-19 03:47:03 INFO     tensorflow  - accuracy = 0.13383278, loss = 3.924037 (81.670 sec)
2019-04-19 03:48:26 INFO     tensorflow  - accuracy = 0.13364176, loss = 3.759547 (82.563 sec)
2019-04-19 03:49:48 INFO     tensorflow  - accuracy = 0.13345145, loss = 3.4658928 (81.956 sec)
2019-04-19 03:51:09 INFO     tensorflow  - accuracy = 0.13323283, loss = 3.380364 (81.489 sec)
2019-04-19 03:52:32 INFO     tensorflow  - accuracy = 0.13307291, loss = 3.3002691 (82.584 sec)
2019-04-19 03:53:53 INFO     tensorflow  - accuracy = 0.13300022, loss = 3.3307118 (81.219 sec)
2019-04-19 03:55:16 INFO     tensorflow  - accuracy = 0.13284133, loss = 3.5234258 (83.283 sec)
2019-04-19 03:56:38 INFO     tensorflow  - accuracy = 0.13265423, loss = 3.477268 (81.668 sec)
2019-04-19 03:58:01 INFO     tensorflow  - accuracy = 0.13249655, loss = 3.4623423 (82.885 sec)
2019-04-19 03:59:22 INFO     tensorflow  - accuracy = 0.13233945, loss = 3.5919998 (81.486 sec)
2019-04-19 04:00:46 INFO     tensorflow  - accuracy = 0.1321543, loss = 3.7156315 (83.606 sec)
2019-04-19 04:02:07 INFO     tensorflow  - accuracy = 0.13202697, loss = 3.6921258 (81.188 sec)
2019-04-19 04:03:29 INFO     tensorflow  - accuracy = 0.13178603, loss = 3.7109873 (81.790 sec)
2019-04-19 04:04:52 INFO     tensorflow  - accuracy = 0.13157445, loss = 3.642424 (82.537 sec)
2019-04-19 04:06:13 INFO     tensorflow  - accuracy = 0.13144886, loss = 3.629751 (81.636 sec)
2019-04-19 04:07:35 INFO     tensorflow  - accuracy = 0.1314088, loss = 3.60362 (82.210 sec)
2019-04-19 04:08:56 INFO     tensorflow  - accuracy = 0.13119905, loss = 3.8431163 (80.160 sec)
2019-04-19 04:10:18 INFO     tensorflow  - accuracy = 0.1312161, loss = 3.6685045 (82.189 sec)
2019-04-19 04:11:39 INFO     tensorflow  - accuracy = 0.13165614, loss = 3.5055084 (80.908 sec)
2019-04-19 04:13:00 INFO     tensorflow  - accuracy = 0.13192567, loss = 3.5925794 (81.474 sec)
2019-04-19 04:14:20 INFO     tensorflow  - accuracy = 0.13188511, loss = 3.4825313 (80.259 sec)
2019-04-19 04:15:42 INFO     tensorflow  - accuracy = 0.1317325, loss = 3.6341572 (82.096 sec)
2019-04-19 04:17:05 INFO     tensorflow  - accuracy = 0.13155241, loss = 3.5477424 (82.169 sec)
2019-04-19 04:18:26 INFO     tensorflow  - accuracy = 0.13137299, loss = 3.670763 (81.213 sec)
2019-04-19 04:19:47 INFO     tensorflow  - accuracy = 0.1311384, loss = 3.7559352 (80.770 sec)
2019-04-19 04:21:08 INFO     tensorflow  - accuracy = 0.13093248, loss = 3.7495341 (81.374 sec)
2019-04-19 04:22:28 INFO     tensorflow  - accuracy = 0.13081072, loss = 3.6363754 (80.464 sec)
2019-04-19 04:23:49 INFO     tensorflow  - accuracy = 0.13068938, loss = 3.6342397 (80.979 sec)
2019-04-19 04:25:10 INFO     tensorflow  - accuracy = 0.13079011, loss = 3.4959743 (80.790 sec)
2019-04-19 04:26:31 INFO     tensorflow  - accuracy = 0.13136062, loss = 2.9672642 (80.995 sec)
2019-04-19 04:27:51 INFO     tensorflow  - accuracy = 0.13270208, loss = 2.1593897 (79.868 sec)
2019-04-19 04:29:10 INFO     tensorflow  - accuracy = 0.13392857, loss = 2.2212899 (78.466 sec)
2019-04-19 04:30:28 INFO     tensorflow  - accuracy = 0.13537082, loss = 1.9132597 (78.479 sec)
2019-04-19 04:31:47 INFO     tensorflow  - accuracy = 0.1366707, loss = 2.0728252 (78.990 sec)
2019-04-19 04:33:06 INFO     tensorflow  - accuracy = 0.13813049, loss = 1.8576832 (79.281 sec)
2019-04-19 04:34:25 INFO     tensorflow  - accuracy = 0.1395578, loss = 1.7646987 (79.052 sec)
2019-04-19 04:35:44 INFO     tensorflow  - accuracy = 0.14103475, loss = 1.7091789 (78.918 sec)
2019-04-19 04:37:04 INFO     tensorflow  - accuracy = 0.14253381, loss = 1.6974213 (80.174 sec)
2019-04-19 04:38:23 INFO     tensorflow  - accuracy = 0.14402765, loss = 1.6694589 (78.687 sec)
2019-04-19 04:39:41 INFO     tensorflow  - accuracy = 0.14538044, loss = 1.7569737 (78.304 sec)
2019-04-19 04:41:00 INFO     tensorflow  - accuracy = 0.14624023, loss = 2.3924122 (78.819 sec)
2019-04-19 04:42:21 INFO     tensorflow  - accuracy = 0.14666378, loss = 2.8522782 (81.114 sec)
2019-04-19 04:43:41 INFO     tensorflow  - accuracy = 0.1468696, loss = 3.1107244 (79.407 sec)
2019-04-19 04:45:00 INFO     tensorflow  - accuracy = 0.14737155, loss = 3.1758573 (79.449 sec)
2019-04-19 04:46:20 INFO     tensorflow  - accuracy = 0.14814116, loss = 2.958064 (79.445 sec)
2019-04-19 04:47:39 INFO     tensorflow  - accuracy = 0.14896192, loss = 2.9776845 (79.212 sec)
2019-04-19 04:48:57 INFO     tensorflow  - accuracy = 0.14983355, loss = 3.0444803 (78.544 sec)
2019-04-19 04:50:17 INFO     tensorflow  - accuracy = 0.15019296, loss = 3.3480196 (79.326 sec)
2019-04-19 04:51:35 INFO     tensorflow  - accuracy = 0.15036386, loss = 3.5354233 (78.329 sec)
2019-04-19 04:52:54 INFO     tensorflow  - accuracy = 0.15037394, loss = 3.5259233 (78.553 sec)
2019-04-19 04:54:12 INFO     tensorflow  - accuracy = 0.15025064, loss = 3.4689436 (78.477 sec)
2019-04-19 04:55:31 INFO     tensorflow  - accuracy = 0.15020762, loss = 3.4318385 (78.423 sec)
2019-04-19 04:56:50 INFO     tensorflow  - accuracy = 0.1500319, loss = 3.3862882 (79.578 sec)
2019-04-19 04:58:10 INFO     tensorflow  - accuracy = 0.14983022, loss = 3.3139558 (79.757 sec)
2019-04-19 04:59:29 INFO     tensorflow  - accuracy = 0.14962924, loss = 3.3180628 (79.604 sec)
2019-04-19 05:00:49 INFO     tensorflow  - accuracy = 0.14945537, loss = 3.5343852 (79.622 sec)
2019-04-19 05:02:08 INFO     tensorflow  - accuracy = 0.14933488, loss = 3.6926646 (78.964 sec)
2019-04-19 05:03:27 INFO     tensorflow  - accuracy = 0.1491621, loss = 3.61239 (78.575 sec)
2019-04-19 05:04:45 INFO     tensorflow  - accuracy = 0.1490425, loss = 3.5543852 (78.507 sec)
2019-04-19 05:06:04 INFO     tensorflow  - accuracy = 0.14889705, loss = 3.880896 (79.002 sec)
2019-04-19 05:07:26 INFO     tensorflow  - accuracy = 0.14872588, loss = 3.8843966 (81.768 sec)
2019-04-19 05:08:45 INFO     tensorflow  - accuracy = 0.14855528, loss = 3.6159396 (79.253 sec)
2019-04-19 05:10:04 INFO     tensorflow  - accuracy = 0.14835912, loss = 3.3158164 (78.511 sec)
2019-04-19 05:11:24 INFO     tensorflow  - accuracy = 0.1481636, loss = 3.228031 (79.950 sec)
2019-04-19 05:12:44 INFO     tensorflow  - accuracy = 0.14796875, loss = 3.3419378 (79.968 sec)
2019-04-19 05:14:03 INFO     tensorflow  - global_step/sec: 0.012336
2019-04-19 05:14:03 INFO     tensorflow  - loss = 3.35236, step = 601 (8106.348 sec)
2019-04-19 05:14:03 INFO     tensorflow  - accuracy = 0.14777455, loss = 3.35236 (79.181 sec)
2019-04-19 05:15:22 INFO     tensorflow  - accuracy = 0.14784053, loss = 3.456701 (78.914 sec)
2019-04-19 05:16:41 INFO     tensorflow  - accuracy = 0.14772491, loss = 3.4570346 (79.526 sec)
2019-04-19 05:18:01 INFO     tensorflow  - accuracy = 0.14753208, loss = 3.3840692 (79.472 sec)
2019-04-19 05:19:21 INFO     tensorflow  - accuracy = 0.14728822, loss = 3.6335833 (80.208 sec)
2019-04-19 05:20:40 INFO     tensorflow  - accuracy = 0.14714831, loss = 3.6254888 (78.786 sec)
2019-04-19 05:21:58 INFO     tensorflow  - accuracy = 0.14713757, loss = 3.6394846 (78.122 sec)
2019-04-19 05:23:16 INFO     tensorflow  - accuracy = 0.14699836, loss = 3.5405555 (78.241 sec)
2019-04-19 05:24:34 INFO     tensorflow  - accuracy = 0.1468083, loss = 3.601654 (78.057 sec)
2019-04-19 05:25:53 INFO     tensorflow  - accuracy = 0.14664447, loss = 3.4971964 (79.277 sec)
2019-04-19 05:27:12 INFO     tensorflow  - accuracy = 0.14653233, loss = 3.7457123 (78.675 sec)
2019-04-19 05:28:31 INFO     tensorflow  - accuracy = 0.14644608, loss = 3.5974312 (79.058 sec)
2019-04-19 05:29:50 INFO     tensorflow  - accuracy = 0.1466405, loss = 3.6105974 (78.640 sec)
2019-04-19 05:31:08 INFO     tensorflow  - accuracy = 0.14703786, loss = 3.4003713 (78.717 sec)
2019-04-19 05:32:28 INFO     tensorflow  - accuracy = 0.14723068, loss = 3.547309 (79.045 sec)
2019-04-19 05:33:48 INFO     tensorflow  - accuracy = 0.14709315, loss = 3.431477 (79.978 sec)
2019-04-19 05:35:08 INFO     tensorflow  - accuracy = 0.14695604, loss = 3.5713677 (80.774 sec)
2019-04-19 05:36:28 INFO     tensorflow  - accuracy = 0.1467941, loss = 3.5568275 (79.896 sec)
2019-04-19 05:37:48 INFO     tensorflow  - accuracy = 0.14665791, loss = 3.6193302 (79.573 sec)
2019-04-19 05:39:07 INFO     tensorflow  - accuracy = 0.14649698, loss = 3.6686826 (79.465 sec)
2019-04-19 05:40:25 INFO     tensorflow  - accuracy = 0.14636171, loss = 3.644019 (78.267 sec)
2019-04-19 05:41:43 INFO     tensorflow  - accuracy = 0.14627713, loss = 3.643421 (77.729 sec)
2019-04-19 05:43:02 INFO     tensorflow  - accuracy = 0.14629313, loss = 3.549632 (78.456 sec)
2019-04-19 05:44:20 INFO     tensorflow  - accuracy = 0.14643429, loss = 3.3055215 (78.828 sec)
2019-04-19 05:45:39 INFO     tensorflow  - accuracy = 0.14715, loss = 2.4151492 (78.183 sec)
2019-04-19 05:46:58 INFO     tensorflow  - accuracy = 0.1480631, loss = 2.2252758 (79.760 sec)
2019-04-19 05:48:18 INFO     tensorflow  - accuracy = 0.1492225, loss = 1.8674467 (79.109 sec)
2019-04-19 05:49:37 INFO     tensorflow  - accuracy = 0.15057723, loss = 1.5658052 (79.079 sec)
2019-04-19 05:50:54 INFO     tensorflow  - accuracy = 0.15185314, loss = 1.6463323 (77.316 sec)
2019-04-19 05:52:13 INFO     tensorflow  - accuracy = 0.153125, loss = 1.5794234 (78.729 sec)
2019-04-19 05:53:31 INFO     tensorflow  - accuracy = 0.15446712, loss = 1.4783432 (77.999 sec)
2019-04-19 05:54:50 INFO     tensorflow  - accuracy = 0.15580498, loss = 1.4054079 (79.670 sec)
2019-04-19 05:56:10 INFO     tensorflow  - accuracy = 0.15713863, loss = 1.4072891 (80.001 sec)
2019-04-19 05:57:30 INFO     tensorflow  - accuracy = 0.15846805, loss = 1.3441062 (80.063 sec)
2019-04-19 05:58:50 INFO     tensorflow  - accuracy = 0.15954724, loss = 1.7528567 (79.636 sec)
2019-04-19 06:00:09 INFO     tensorflow  - accuracy = 0.16030365, loss = 2.2201886 (79.410 sec)
2019-04-19 06:01:28 INFO     tensorflow  - accuracy = 0.16061617, loss = 2.8060021 (78.666 sec)
2019-04-19 06:02:48 INFO     tensorflow  - accuracy = 0.16085424, loss = 3.1210718 (79.931 sec)
2019-04-19 06:04:08 INFO     tensorflow  - accuracy = 0.16153169, loss = 2.9473832 (80.415 sec)
2019-04-19 06:05:30 INFO     tensorflow  - accuracy = 0.16230468, loss = 2.8595076 (81.274 sec)
2019-04-19 06:06:50 INFO     tensorflow  - accuracy = 0.1631484, loss = 2.87568 (80.551 sec)
2019-04-19 06:08:12 INFO     tensorflow  - accuracy = 0.1638678, loss = 3.0640848 (81.310 sec)
2019-04-19 06:09:32 INFO     tensorflow  - accuracy = 0.16409895, loss = 3.4039648 (80.089 sec)
2019-04-19 06:10:51 INFO     tensorflow  - accuracy = 0.16411102, loss = 3.4632015 (79.617 sec)
2019-04-19 06:12:11 INFO     tensorflow  - accuracy = 0.16417152, loss = 3.4156303 (79.879 sec)
2019-04-19 06:13:31 INFO     tensorflow  - accuracy = 0.16408668, loss = 3.4384074 (80.070 sec)
2019-04-19 06:14:52 INFO     tensorflow  - accuracy = 0.16407457, loss = 3.3500414 (81.085 sec)
2019-04-19 06:16:13 INFO     tensorflow  - accuracy = 0.16394193, loss = 3.285429 (80.939 sec)
2019-04-19 06:17:34 INFO     tensorflow  - accuracy = 0.16388193, loss = 3.2629943 (80.506 sec)
2019-04-19 06:18:54 INFO     tensorflow  - accuracy = 0.16382211, loss = 3.2846406 (80.695 sec)
2019-04-19 06:20:15 INFO     tensorflow  - accuracy = 0.16364247, loss = 3.6181877 (80.756 sec)
2019-04-19 06:21:36 INFO     tensorflow  - accuracy = 0.16348734, loss = 3.5763764 (80.394 sec)
2019-04-19 06:22:57 INFO     tensorflow  - accuracy = 0.16350019, loss = 3.401852 (81.095 sec)
2019-04-19 06:24:17 INFO     tensorflow  - accuracy = 0.16346522, loss = 3.4901752 (80.740 sec)
2019-04-19 06:25:38 INFO     tensorflow  - accuracy = 0.16331106, loss = 3.8045907 (80.922 sec)
2019-04-19 06:26:59 INFO     tensorflow  - accuracy = 0.16308594, loss = 3.8762162 (80.254 sec)
2019-04-19 06:28:20 INFO     tensorflow  - accuracy = 0.16288528, loss = 3.424456 (81.030 sec)
2019-04-19 06:29:40 INFO     tensorflow  - accuracy = 0.16266148, loss = 3.233367 (80.289 sec)
2019-04-19 06:31:01 INFO     tensorflow  - accuracy = 0.16250949, loss = 3.1134064 (80.634 sec)
2019-04-19 06:32:21 INFO     tensorflow  - accuracy = 0.16238163, loss = 3.3029509 (80.654 sec)
2019-04-19 06:33:41 INFO     tensorflow  - accuracy = 0.16237235, loss = 3.3482487 (79.406 sec)
2019-04-19 06:35:00 INFO     tensorflow  - accuracy = 0.16233951, loss = 3.3648992 (79.494 sec)
2019-04-19 06:36:20 INFO     tensorflow  - accuracy = 0.16218892, loss = 3.4023213 (80.219 sec)
2019-04-19 06:37:42 INFO     tensorflow  - accuracy = 0.16210938, loss = 3.4105473 (81.517 sec)
2019-04-19 06:39:01 INFO     tensorflow  - accuracy = 0.16200657, loss = 3.5418706 (78.879 sec)
2019-04-19 06:40:20 INFO     tensorflow  - accuracy = 0.1619041, loss = 3.6266985 (79.504 sec)
2019-04-19 06:41:40 INFO     tensorflow  - accuracy = 0.1618722, loss = 3.5353394 (79.712 sec)
2019-04-19 06:43:00 INFO     tensorflow  - accuracy = 0.16177021, loss = 3.5665255 (79.637 sec)
2019-04-19 06:44:18 INFO     tensorflow  - accuracy = 0.16169189, loss = 3.5039778 (78.631 sec)
2019-04-19 06:45:37 INFO     tensorflow  - accuracy = 0.16159049, loss = 3.498187 (78.467 sec)
2019-04-19 06:46:56 INFO     tensorflow  - accuracy = 0.16155924, loss = 3.680678 (79.081 sec)
2019-04-19 06:48:15 INFO     tensorflow  - accuracy = 0.16155134, loss = 3.6234562 (78.801 sec)
2019-04-19 06:49:34 INFO     tensorflow  - accuracy = 0.16189171, loss = 3.4381745 (79.026 sec)
2019-04-19 06:50:53 INFO     tensorflow  - accuracy = 0.16223109, loss = 3.3845644 (79.231 sec)
2019-04-19 06:52:12 INFO     tensorflow  - accuracy = 0.16233796, loss = 3.3599093 (78.700 sec)
2019-04-19 06:53:31 INFO     tensorflow  - accuracy = 0.16216716, loss = 3.528883 (79.105 sec)
2019-04-19 06:54:49 INFO     tensorflow  - accuracy = 0.16201994, loss = 3.5246992 (78.478 sec)
2019-04-19 06:56:07 INFO     tensorflow  - accuracy = 0.16182706, loss = 3.5880246 (78.269 sec)
2019-04-19 06:57:25 INFO     tensorflow  - accuracy = 0.1617038, loss = 3.5763154 (78.047 sec)
2019-04-19 06:58:44 INFO     tensorflow  - accuracy = 0.16158088, loss = 3.6350427 (78.776 sec)
2019-04-19 07:00:02 INFO     tensorflow  - accuracy = 0.16157305, loss = 3.5993931 (78.173 sec)
2019-04-19 07:01:21 INFO     tensorflow  - accuracy = 0.16161107, loss = 3.4770522 (79.078 sec)
2019-04-19 07:02:40 INFO     tensorflow  - accuracy = 0.16160323, loss = 3.5417857 (78.909 sec)
2019-04-19 07:04:00 INFO     tensorflow  - accuracy = 0.16209795, loss = 2.633377 (79.315 sec)
2019-04-19 07:05:19 INFO     tensorflow  - accuracy = 0.16279653, loss = 2.3830986 (79.017 sec)
2019-04-19 07:06:40 INFO     tensorflow  - accuracy = 0.1637664, loss = 1.8021481 (81.271 sec)
2019-04-19 07:08:01 INFO     tensorflow  - accuracy = 0.16480167, loss = 1.6097218 (80.915 sec)
2019-04-19 07:09:21 INFO     tensorflow  - accuracy = 0.1659702, loss = 1.4092155 (79.682 sec)
2019-04-19 07:10:40 INFO     tensorflow  - accuracy = 0.16715802, loss = 1.3552392 (79.389 sec)
2019-04-19 07:12:00 INFO     tensorflow  - accuracy = 0.1683424, loss = 1.3563806 (79.993 sec)
2019-04-19 07:13:21 INFO     tensorflow  - accuracy = 0.16950072, loss = 1.3187703 (81.009 sec)
2019-04-19 07:14:41 INFO     tensorflow  - accuracy = 0.17067829, loss = 1.31014 (79.816 sec)
2019-04-19 07:16:02 INFO     tensorflow  - accuracy = 0.171875, loss = 1.1828281 (80.953 sec)
2019-04-19 07:17:22 INFO     tensorflow  - accuracy = 0.17306827, loss = 1.1486106 (80.386 sec)
2019-04-19 07:18:43 INFO     tensorflow  - accuracy = 0.17405576, loss = 1.6061513 (80.675 sec)
2019-04-19 07:20:03 INFO     tensorflow  - accuracy = 0.17450161, loss = 2.5517507 (80.433 sec)
2019-04-19 07:21:23 INFO     tensorflow  - accuracy = 0.17474444, loss = 2.9170527 (79.404 sec)
2019-04-19 07:22:42 INFO     tensorflow  - accuracy = 0.17505373, loss = 2.9871268 (79.813 sec)
2019-04-19 07:24:02 INFO     tensorflow  - accuracy = 0.17560801, loss = 2.9400136 (79.195 sec)
2019-04-19 07:25:21 INFO     tensorflow  - accuracy = 0.17640625, loss = 2.7822719 (79.293 sec)
2019-04-19 07:26:40 INFO     tensorflow  - global_step/sec: 0.0125668
2019-04-19 07:26:40 INFO     tensorflow  - loss = 2.7847633, step = 701 (7957.497 sec)
2019-04-19 07:26:40 INFO     tensorflow  - accuracy = 0.1772245, loss = 2.7847633 (79.348 sec)
2019-04-19 07:28:00 INFO     tensorflow  - accuracy = 0.17777333, loss = 3.1042442 (79.387 sec)
2019-04-19 07:29:19 INFO     tensorflow  - accuracy = 0.17792052, loss = 3.3408346 (79.109 sec)
2019-04-19 07:30:38 INFO     tensorflow  - accuracy = 0.17793413, loss = 3.4258847 (79.037 sec)
2019-04-19 07:31:56 INFO     tensorflow  - accuracy = 0.1779477, loss = 3.3424532 (77.879 sec)
2019-04-19 07:33:15 INFO     tensorflow  - accuracy = 0.17791696, loss = 3.2834334 (79.649 sec)
2019-04-19 07:34:35 INFO     tensorflow  - accuracy = 0.17779791, loss = 3.309385 (79.920 sec)
2019-04-19 07:35:55 INFO     tensorflow  - accuracy = 0.17781162, loss = 3.1335607 (80.012 sec)
2019-04-19 07:37:14 INFO     tensorflow  - accuracy = 0.1777151, loss = 3.1719522 (79.155 sec)
2019-04-19 07:38:34 INFO     tensorflow  - accuracy = 0.17770687, loss = 3.3219097 (79.933 sec)
2019-04-19 07:39:53 INFO     tensorflow  - accuracy = 0.17752285, loss = 3.598855 (78.728 sec)
2019-04-19 07:41:12 INFO     tensorflow  - accuracy = 0.17766854, loss = 3.4691274 (78.553 sec)
2019-04-19 07:42:31 INFO     tensorflow  - accuracy = 0.17783573, loss = 3.3413463 (78.935 sec)
2019-04-19 07:43:51 INFO     tensorflow  - accuracy = 0.17798057, loss = 3.5636067 (80.430 sec)
2019-04-19 07:45:11 INFO     tensorflow  - accuracy = 0.17781906, loss = 3.8256636 (79.713 sec)
2019-04-19 07:46:29 INFO     tensorflow  - accuracy = 0.17759253, loss = 3.666593 (78.418 sec)
2019-04-19 07:47:48 INFO     tensorflow  - accuracy = 0.1774538, loss = 3.323123 (79.116 sec)
2019-04-19 07:49:08 INFO     tensorflow  - accuracy = 0.17720665, loss = 3.112311 (79.662 sec)
2019-04-19 07:50:26 INFO     tensorflow  - accuracy = 0.17706884, loss = 3.1379833 (77.748 sec)
2019-04-19 07:51:44 INFO     tensorflow  - accuracy = 0.17710504, loss = 3.1828141 (78.084 sec)
2019-04-19 07:53:02 INFO     tensorflow  - accuracy = 0.17718446, loss = 3.302645 (77.940 sec)
2019-04-19 07:54:20 INFO     tensorflow  - accuracy = 0.17717712, loss = 3.3144 (78.559 sec)
2019-04-19 07:55:39 INFO     tensorflow  - accuracy = 0.17723462, loss = 3.308751 (78.564 sec)
2019-04-19 07:56:57 INFO     tensorflow  - accuracy = 0.17731354, loss = 3.3450828 (78.173 sec)
2019-04-19 07:58:16 INFO     tensorflow  - accuracy = 0.17717673, loss = 3.5423045 (79.394 sec)
2019-04-19 07:59:36 INFO     tensorflow  - accuracy = 0.17719094, loss = 3.5540333 (79.562 sec)
2019-04-19 08:00:55 INFO     tensorflow  - accuracy = 0.17716214, loss = 3.6084054 (78.893 sec)
2019-04-19 08:02:13 INFO     tensorflow  - accuracy = 0.17717634, loss = 3.4534497 (77.814 sec)
2019-04-19 08:03:31 INFO     tensorflow  - accuracy = 0.17721194, loss = 3.4460635 (78.466 sec)
2019-04-19 08:04:50 INFO     tensorflow  - accuracy = 0.17726883, loss = 3.4007702 (79.338 sec)
2019-04-19 08:06:09 INFO     tensorflow  - accuracy = 0.17715459, loss = 3.5818672 (78.080 sec)
2019-04-19 08:07:29 INFO     tensorflow  - accuracy = 0.17716871, loss = 3.59409 (80.021 sec)
2019-04-19 08:08:48 INFO     tensorflow  - accuracy = 0.17735334, loss = 3.406124 (79.867 sec)
2019-04-19 08:10:07 INFO     tensorflow  - accuracy = 0.17772906, loss = 3.2876751 (78.583 sec)
2019-04-19 08:11:26 INFO     tensorflow  - accuracy = 0.17776361, loss = 3.3824477 (78.524 sec)
2019-04-19 08:12:45 INFO     tensorflow  - accuracy = 0.17771314, loss = 3.4236245 (79.389 sec)
2019-04-19 08:14:05 INFO     tensorflow  - accuracy = 0.17759922, loss = 3.4762366 (80.430 sec)
2019-04-19 08:15:24 INFO     tensorflow  - accuracy = 0.17744327, loss = 3.5243695 (78.882 sec)
2019-04-19 08:16:42 INFO     tensorflow  - accuracy = 0.17741458, loss = 3.5459523 (78.164 sec)
2019-04-19 08:18:03 INFO     tensorflow  - accuracy = 0.17721707, loss = 3.6955628 (80.238 sec)
2019-04-19 08:19:23 INFO     tensorflow  - accuracy = 0.17720985, loss = 3.5262995 (80.744 sec)
2019-04-19 08:20:43 INFO     tensorflow  - accuracy = 0.17741324, loss = 3.436229 (79.606 sec)
2019-04-19 08:22:03 INFO     tensorflow  - accuracy = 0.17742682, loss = 3.473329 (79.825 sec)
2019-04-19 08:23:22 INFO     tensorflow  - accuracy = 0.1780704, loss = 2.2165985 (79.285 sec)
2019-04-19 08:24:42 INFO     tensorflow  - accuracy = 0.17873321, loss = 2.0269134 (80.301 sec)
2019-04-19 08:26:02 INFO     tensorflow  - accuracy = 0.17954089, loss = 1.7717032 (79.290 sec)
2019-04-19 08:27:22 INFO     tensorflow  - accuracy = 0.18053465, loss = 1.2838069 (79.916 sec)
2019-04-19 08:28:41 INFO     tensorflow  - accuracy = 0.1815884, loss = 1.1836199 (79.486 sec)
2019-04-19 08:30:02 INFO     tensorflow  - accuracy = 0.18268107, loss = 1.2040329 (80.789 sec)
2019-04-19 08:31:22 INFO     tensorflow  - accuracy = 0.18375, loss = 1.0655899 (80.078 sec)
2019-04-19 08:32:41 INFO     tensorflow  - accuracy = 0.18483688, loss = 1.1024489 (79.534 sec)
2019-04-19 08:34:02 INFO     tensorflow  - accuracy = 0.18592088, loss = 1.0071081 (80.585 sec)
2019-04-19 08:35:23 INFO     tensorflow  - accuracy = 0.18700199, loss = 1.0140768 (81.282 sec)
2019-04-19 08:36:45 INFO     tensorflow  - accuracy = 0.18808024, loss = 1.0233791 (81.301 sec)
2019-04-19 08:38:06 INFO     tensorflow  - accuracy = 0.18876241, loss = 1.885036 (80.946 sec)
2019-04-19 08:39:25 INFO     tensorflow  - accuracy = 0.18933944, loss = 2.287189 (79.349 sec)
2019-04-19 08:40:44 INFO     tensorflow  - accuracy = 0.18950215, loss = 2.9206567 (79.147 sec)
2019-04-19 08:42:04 INFO     tensorflow  - accuracy = 0.18970564, loss = 3.1411476 (79.490 sec)
2019-04-19 08:43:22 INFO     tensorflow  - accuracy = 0.19029973, loss = 2.7621634 (78.763 sec)
2019-04-19 08:44:41 INFO     tensorflow  - accuracy = 0.1910773, loss = 2.7322054 (78.874 sec)
2019-04-19 08:46:01 INFO     tensorflow  - accuracy = 0.19189389, loss = 2.7255046 (80.000 sec)
2019-04-19 08:47:21 INFO     tensorflow  - accuracy = 0.19242126, loss = 3.029044 (79.512 sec)
2019-04-19 08:48:40 INFO     tensorflow  - accuracy = 0.19247624, loss = 3.3456802 (78.843 sec)
2019-04-19 08:50:00 INFO     tensorflow  - accuracy = 0.19244929, loss = 3.3649964 (80.375 sec)
2019-04-19 08:51:18 INFO     tensorflow  - accuracy = 0.19242239, loss = 3.3955793 (78.543 sec)
2019-04-19 08:52:38 INFO     tensorflow  - accuracy = 0.19229357, loss = 3.3530042 (79.597 sec)
2019-04-19 08:53:57 INFO     tensorflow  - accuracy = 0.19234844, loss = 3.1360135 (79.296 sec)
2019-04-19 08:55:18 INFO     tensorflow  - accuracy = 0.19228108, loss = 3.1939006 (80.751 sec)
2019-04-19 08:56:39 INFO     tensorflow  - accuracy = 0.19227487, loss = 3.133288 (80.805 sec)
2019-04-19 08:57:59 INFO     tensorflow  - accuracy = 0.19222808, loss = 3.4037323 (80.545 sec)
2019-04-19 08:59:20 INFO     tensorflow  - accuracy = 0.19210036, loss = 3.5960436 (80.430 sec)
2019-04-19 09:00:41 INFO     tensorflow  - accuracy = 0.19215512, loss = 3.3284872 (81.112 sec)
2019-04-19 09:02:01 INFO     tensorflow  - accuracy = 0.19235122, loss = 3.1978638 (80.034 sec)
2019-04-19 09:03:22 INFO     tensorflow  - accuracy = 0.19234496, loss = 3.6355345 (80.707 sec)
2019-04-19 09:04:40 INFO     tensorflow  - accuracy = 0.19225806, loss = 3.7666922 (78.708 sec)
2019-04-19 09:06:00 INFO     tensorflow  - accuracy = 0.19213112, loss = 3.5041926 (79.954 sec)
2019-04-19 09:07:21 INFO     tensorflow  - accuracy = 0.19202462, loss = 3.1481962 (80.396 sec)
2019-04-19 09:08:40 INFO     tensorflow  - accuracy = 0.1918983, loss = 3.0831664 (79.172 sec)
2019-04-19 09:09:59 INFO     tensorflow  - accuracy = 0.19193277, loss = 2.9687757 (78.611 sec)
2019-04-19 09:11:19 INFO     tensorflow  - accuracy = 0.19220753, loss = 3.2015848 (80.641 sec)
2019-04-19 09:12:39 INFO     tensorflow  - accuracy = 0.19216149, loss = 3.2815073 (79.384 sec)
2019-04-19 09:13:58 INFO     tensorflow  - accuracy = 0.19221547, loss = 3.2465825 (79.378 sec)
2019-04-19 09:15:18 INFO     tensorflow  - accuracy = 0.19240901, loss = 3.2247076 (79.731 sec)
2019-04-19 09:16:38 INFO     tensorflow  - accuracy = 0.19236289, loss = 3.41046 (80.543 sec)
2019-04-19 09:17:57 INFO     tensorflow  - accuracy = 0.19223726, loss = 3.609273 (79.055 sec)
2019-04-19 09:19:16 INFO     tensorflow  - accuracy = 0.19250955, loss = 3.3908443 (78.695 sec)
2019-04-19 09:20:36 INFO     tensorflow  - accuracy = 0.19248332, loss = 3.4732747 (79.573 sec)
2019-04-19 09:21:57 INFO     tensorflow  - accuracy = 0.19239768, loss = 3.4993224 (80.908 sec)
2019-04-19 09:23:16 INFO     tensorflow  - accuracy = 0.1925499, loss = 3.3727832 (79.264 sec)
2019-04-19 09:24:35 INFO     tensorflow  - accuracy = 0.19262263, loss = 3.5389357 (79.102 sec)
2019-04-19 09:25:55 INFO     tensorflow  - accuracy = 0.19253714, loss = 3.5500994 (79.985 sec)
2019-04-19 09:27:16 INFO     tensorflow  - accuracy = 0.19276752, loss = 3.338846 (80.685 sec)
2019-04-19 09:28:35 INFO     tensorflow  - accuracy = 0.19313525, loss = 3.2623587 (79.621 sec)
2019-04-19 09:29:55 INFO     tensorflow  - accuracy = 0.1932659, loss = 3.3415818 (79.629 sec)
2019-04-19 09:31:16 INFO     tensorflow  - accuracy = 0.1932783, loss = 3.3847914 (80.704 sec)
2019-04-19 09:32:35 INFO     tensorflow  - accuracy = 0.19311401, loss = 3.392585 (79.858 sec)
2019-04-19 09:33:55 INFO     tensorflow  - accuracy = 0.19306776, loss = 3.3777232 (79.972 sec)
2019-04-19 09:35:16 INFO     tensorflow  - accuracy = 0.19300203, loss = 3.515892 (80.217 sec)
2019-04-19 09:36:37 INFO     tensorflow  - accuracy = 0.19307338, loss = 3.5242949 (81.165 sec)
2019-04-19 09:37:57 INFO     tensorflow  - accuracy = 0.19304687, loss = 3.566238 (80.410 sec)
2019-04-19 09:39:16 INFO     tensorflow  - global_step/sec: 0.0125688
2019-04-19 09:39:16 INFO     tensorflow  - loss = 3.4337187, step = 801 (7956.182 sec)
2019-04-19 09:39:16 INFO     tensorflow  - accuracy = 0.19325453, loss = 3.4337187 (79.328 sec)
2019-04-19 09:40:36 INFO     tensorflow  - accuracy = 0.19342269, loss = 3.4208877 (79.058 sec)
2019-04-19 09:41:56 INFO     tensorflow  - accuracy = 0.1936099, loss = 3.1230474 (80.097 sec)
2019-04-19 09:43:15 INFO     tensorflow  - accuracy = 0.19408815, loss = 2.2825255 (79.704 sec)
2019-04-19 09:44:36 INFO     tensorflow  - accuracy = 0.19487578, loss = 1.428865 (80.192 sec)
2019-04-19 09:45:56 INFO     tensorflow  - accuracy = 0.19568083, loss = 1.5019276 (80.878 sec)
2019-04-19 09:47:17 INFO     tensorflow  - accuracy = 0.19660006, loss = 1.244472 (80.862 sec)
2019-04-19 09:48:36 INFO     tensorflow  - accuracy = 0.19755569, loss = 1.1336843 (79.229 sec)
2019-04-19 09:49:56 INFO     tensorflow  - accuracy = 0.19850896, loss = 1.0278838 (79.386 sec)
2019-04-19 09:51:16 INFO     tensorflow  - accuracy = 0.19949846, loss = 0.9639626 (79.678 sec)
2019-04-19 09:52:35 INFO     tensorflow  - accuracy = 0.20046625, loss = 1.0165548 (79.727 sec)
Makefile:61: recipe for target 'train-innatis-full' failed
make: *** [train-innatis-full] Terminated
